Creating a new problem object. 
Optimizing.
Computing sensitivity for variable: 
  0   1   2   3   4   5   6   7   8   9  10  11  12  13  14  15  16  17  18  19 
 20  21  22  23  24  25  26  27  28  29  30  31  32  33  34  35  36  37  38  39 
 40  41  42  43  44  45  46  47  48  49 
Starting 1D search on iteration 0
Objective function value: 5.179853e-01
Computing sensitivity for variable: 
  0   1   2   3   4   5   6   7   8   9  10  11  12  13  14  15  16  17  18  19 
 20  21  22  23  24  25  26  27  28  29  30  31  32  33  34  35  36  37  38  39 
 40  41  42  43  44  45  46  47  48  49 
Starting 1D search on iteration 1
Objective function value: 2.442721e-01
Computing sensitivity for variable: 
  0   1   2   3   4   5   6   7   8   9  10  11  12  13  14  15  16  17  18  19 
 20  21  22  23  24  25  26  27  28  29  30  31  32  33  34  35  36  37  38  39 
 40  41  42  43  44  45  46  47  48  49 
Starting 1D search on iteration 2
Objective function value: 2.140051e-01
Computing sensitivity for variable: 
  0   1   2   3   4   5   6   7   8   9  10  11  12  13  14  15  16  17  18  19 
 20  21  22  23  24  25  26  27  28  29  30  31  32  33  34  35  36  37  38  39 
 40  41  42  43  44  45  46  47  48  49 
Starting 1D search on iteration 3
Warning: inner radius larger than outer radius.
Warning: inner radius larger than outer radius.
Warning: inner radius larger than outer radius.
Warning: inner radius larger than outer radius.
Warning: inner radius larger than outer radius.
Objective function value: 8.362347e-02
Computing sensitivity for variable: 
  0   1   2   3   4   5   6   7   8   9  10  11  12  13  14  15  16  17  18  19 
 20  21  22  23  24  25  26  27  28  29  30  31  32  33  34  35  36  37  38  39 
 40  41  42  43  44  45  46  47  48  49 
Starting 1D search on iteration 4
Objective function value: 8.351229e-02
Computing sensitivity for variable: 
  0   1   2   3   4   5   6   7   8   9  10  11  12  13  14  15  16  17  18  19 
 20  21  22  23  24  25  26  27  28  29  30  31  32  33  34  35  36  37  38  39 
 40  41  42  43  44  45  46  47  48  49 
Starting 1D search on iteration 5
Objective function value: 8.109530e-02
Computing sensitivity for variable: 
  0   1   2   3   4   5   6   7   8   9  10  11  12  13  14  15  16  17  18  19 
 20  21  22  23  24  25  26  27  28  29  30  31  32  33  34  35  36  37  38  39 
 40  41  42  43  44  45  46  47  48  49 
Starting 1D search on iteration 6
Objective function value: 7.542544e-02
Computing sensitivity for variable: 
  0   1   2   3   4   5   6   7   8   9  10  11  12  13  14  15  16  17  18  19 
 20  21  22  23  24  25  26  27  28  29  30  31  32  33  34  35  36  37  38  39 
 40  41  42  43  44  45  46  47  48  49 
Starting 1D search on iteration 7
Objective function value: 6.308454e-02
Computing sensitivity for variable: 
  0   1   2   3   4   5   6   7   8   9  10  11  12  13  14  15  16  17  18  19 
 20  21  22  23  24  25  26  27  28  29  30  31  32  33  34  35  36  37  38  39 
 40  41  42  43  44  45  46  47  48  49 
Starting 1D search on iteration 8
Objective function value: 4.733748e-02
Computing sensitivity for variable: 
  0   1   2   3   4   5   6   7   8   9  10  11  12  13  14  15  16  17  18  19 
 20  21  22  23  24  25  26  27  28  29  30  31  32  33  34  35  36  37  38  39 
 40  41  42  43  44  45  46  47  48  49 
Starting 1D search on iteration 9
Objective function value: 3.807355e-02
Computing sensitivity for variable: 
  0   1   2   3   4   5   6   7   8   9  10  11  12  13  14  15  16  17  18  19 
 20  21  22  23  24  25  26  27  28  29  30  31  32  33  34  35  36  37  38  39 
 40  41  42  43  44  45  46  47  48  49 
Starting 1D search on iteration 10
Objective function value: 3.083090e-02
Computing sensitivity for variable: 
  0   1   2   3   4   5   6   7   8   9  10  11  12  13  14  15  16  17  18  19 
 20  21  22  23  24  25  26  27  28  29  30  31  32  33  34  35  36  37  38  39 
 40  41  42  43  44  45  46  47  48  49 
Starting 1D search on iteration 11
Objective function value: 2.521208e-02
Computing sensitivity for variable: 
  0   1   2   3   4   5   6   7   8   9  10  11  12  13  14  15  16  17  18  19 
 20  21  22  23  24  25  26  27  28  29  30  31  32  33  34  35  36  37  38  39 
 40  41  42  43  44  45  46  47  48  49 
Starting 1D search on iteration 12
Objective function value: 2.017397e-02
Computing sensitivity for variable: 
  0   1   2   3   4   5   6   7   8   9  10  11  12  13  14  15  16  17  18  19 
 20  21  22  23  24  25  26  27  28  29  30  31  32  33  34  35  36  37  38  39 
 40  41  42  43  44  45  46  47  48  49 
Starting 1D search on iteration 13
Objective function value: 1.666108e-02
Computing sensitivity for variable: 
  0   1   2   3   4   5   6   7   8   9  10  11  12  13  14  15  16  17  18  19 
 20  21  22  23  24  25  26  27  28  29  30  31  32  33  34  35  36  37  38  39 
 40  41  42  43  44  45  46  47  48  49 
Starting 1D search on iteration 14
Objective function value: 1.523874e-02
Computing sensitivity for variable: 
  0   1   2   3   4   5   6   7   8   9  10  11  12  13  14  15  16  17  18  19 
 20  21  22  23  24  25  26  27  28  29  30  31  32  33  34  35  36  37  38  39 
 40  41  42  43  44  45  46  47  48  49 
Starting 1D search on iteration 15
Objective function value: 1.470073e-02
Computing sensitivity for variable: 
  0   1   2   3   4   5   6   7   8   9  10  11  12  13  14  15  16  17  18  19 
 20  21  22  23  24  25  26  27  28  29  30  31  32  33  34  35  36  37  38  39 
 40  41  42  43  44  45  46  47  48  49 
Starting 1D search on iteration 16
Objective function value: 1.399916e-02
Computing sensitivity for variable: 
  0   1   2   3   4   5   6   7   8   9  10  11  12  13  14  15  16  17  18  19 
 20  21  22  23  24  25  26  27  28  29  30  31  32  33  34  35  36  37  38  39 
 40  41  42  43  44  45  46  47  48  49 
Starting 1D search on iteration 17
Objective function value: 1.221749e-02
Computing sensitivity for variable: 
  0   1   2   3   4   5   6   7   8   9  10  11  12  13  14  15  16  17  18  19 
 20  21  22  23  24  25  26  27  28  29  30  31  32  33  34  35  36  37  38  39 
 40  41  42  43  44  45  46  47  48  49 
Starting 1D search on iteration 18
Objective function value: 9.951045e-03
Computing sensitivity for variable: 
  0   1   2   3   4   5   6   7   8   9  10  11  12  13  14  15  16  17  18  19 
 20  21  22  23  24  25  26  27  28  29  30  31  32  33  34  35  36  37  38  39 
 40  41  42  43  44  45  46  47  48  49 
Starting 1D search on iteration 19
Objective function value: 8.606286e-03
Computing sensitivity for variable: 
  0   1   2   3   4   5   6   7   8   9  10  11  12  13  14  15  16  17  18  19 
 20  21  22  23  24  25  26  27  28  29  30  31  32  33  34  35  36  37  38  39 
 40  41  42  43  44  45  46  47  48  49 
Starting 1D search on iteration 20
Objective function value: 7.852136e-03
Computing sensitivity for variable: 
  0   1   2   3   4   5   6   7   8   9  10  11  12  13  14  15  16  17  18  19 
 20  21  22  23  24  25  26  27  28  29  30  31  32  33  34  35  36  37  38  39 
 40  41  42  43  44  45  46  47  48  49 
Starting 1D search on iteration 21
Objective function value: 7.396420e-03
Computing sensitivity for variable: 
  0   1   2   3   4   5   6   7   8   9  10  11  12  13  14  15  16  17  18  19 
 20  21  22  23  24  25  26  27  28  29  30  31  32  33  34  35  36  37  38  39 
 40  41  42  43  44  45  46  47  48  49 
Starting 1D search on iteration 22
Objective function value: 7.039123e-03
Computing sensitivity for variable: 
  0   1   2   3   4   5   6   7   8   9  10  11  12  13  14  15  16  17  18  19 
 20  21  22  23  24  25  26  27  28  29  30  31  32  33  34  35  36  37  38  39 
 40  41  42  43  44  45  46  47  48  49 
Starting 1D search on iteration 23
Objective function value: 6.562931e-03
Computing sensitivity for variable: 
  0   1   2   3   4   5   6   7   8   9  10  11  12  13  14  15  16  17  18  19 
 20  21  22  23  24  25  26  27  28  29  30  31  32  33  34  35  36  37  38  39 
 40  41  42  43  44  45  46  47  48  49 
Starting 1D search on iteration 24
Objective function value: 5.924783e-03
Computing sensitivity for variable: 
  0   1   2   3   4   5   6   7   8   9  10  11  12  13  14  15  16  17  18  19 
 20  21  22  23  24  25  26  27  28  29  30  31  32  33  34  35  36  37  38  39 
 40  41  42  43  44  45  46  47  48  49 
Starting 1D search on iteration 25
Objective function value: 5.540894e-03
Computing sensitivity for variable: 
  0   1   2   3   4   5   6   7   8   9  10  11  12  13  14  15  16  17  18  19 
 20  21  22  23  24  25  26  27  28  29  30  31  32  33  34  35  36  37  38  39 
 40  41  42  43  44  45  46  47  48  49 
Starting 1D search on iteration 26
Objective function value: 5.118553e-03
Computing sensitivity for variable: 
  0   1   2   3   4   5   6   7   8   9  10  11  12  13  14  15  16  17  18  19 
 20  21  22  23  24  25  26  27  28  29  30  31  32  33  34  35  36  37  38  39 
 40  41  42  43  44  45  46  47  48  49 
Starting 1D search on iteration 27
Objective function value: 4.125528e-03
Computing sensitivity for variable: 
  0   1   2   3   4   5   6   7   8   9  10  11  12  13  14  15  16  17  18  19 
 20  21  22  23  24  25  26  27  28  29  30  31  32  33  34  35  36  37  38  39 
 40  41  42  43  44  45  46  47  48  49 
Starting 1D search on iteration 28
Objective function value: 3.395289e-03
Computing sensitivity for variable: 
  0   1   2   3   4   5   6   7   8   9  10  11  12  13  14  15  16  17  18  19 
 20  21  22  23  24  25  26  27  28  29  30  31  32  33  34  35  36  37  38  39 
 40  41  42  43  44  45  46  47  48  49 
Starting 1D search on iteration 29
Objective function value: 3.170058e-03
Computing sensitivity for variable: 
  0   1   2   3   4   5   6   7   8   9  10  11  12  13  14  15  16  17  18  19 
 20  21  22  23  24  25  26  27  28  29  30  31  32  33  34  35  36  37  38  39 
 40  41  42  43  44  45  46  47  48  49 
Starting 1D search on iteration 30
Objective function value: 3.010733e-03
Computing sensitivity for variable: 
  0   1   2   3   4   5   6   7   8   9  10  11  12  13  14  15  16  17  18  19 
 20  21  22  23  24  25  26  27  28  29  30  31  32  33  34  35  36  37  38  39 
 40  41  42  43  44  45  46  47  48  49 
Starting 1D search on iteration 31
Objective function value: 2.823955e-03
Computing sensitivity for variable: 
  0   1   2   3   4   5   6   7   8   9  10  11  12  13  14  15  16  17  18  19 
 20  21  22  23  24  25  26  27  28  29  30  31  32  33  34  35  36  37  38  39 
 40  41  42  43  44  45  46  47  48  49 
Starting 1D search on iteration 32
Objective function value: 2.410950e-03
Computing sensitivity for variable: 
  0   1   2   3   4   5   6   7   8   9  10  11  12  13  14  15  16  17  18  19 
 20  21  22  23  24  25  26  27  28  29  30  31  32  33  34  35  36  37  38  39 
 40  41  42  43  44  45  46  47  48  49 
Starting 1D search on iteration 33
Objective function value: 2.082570e-03
Computing sensitivity for variable: 
  0   1   2   3   4   5   6   7   8   9  10  11  12  13  14  15  16  17  18  19 
 20  21  22  23  24  25  26  27  28  29  30  31  32  33  34  35  36  37  38  39 
 40  41  42  43  44  45  46  47  48  49 
Starting 1D search on iteration 34
Objective function value: 1.811044e-03
Computing sensitivity for variable: 
  0   1   2   3   4   5   6   7   8   9  10  11  12  13  14  15  16  17  18  19 
 20  21  22  23  24  25  26  27  28  29  30  31  32  33  34  35  36  37  38  39 
 40  41  42  43  44  45  46  47  48  49 
Starting 1D search on iteration 35
Objective function value: 1.513466e-03
Computing sensitivity for variable: 
  0   1   2   3   4   5   6   7   8   9  10  11  12  13  14  15  16  17  18  19 
 20  21  22  23  24  25  26  27  28  29  30  31  32  33  34  35  36  37  38  39 
 40  41  42  43  44  45  46  47  48  49 
Starting 1D search on iteration 36
Objective function value: 1.259439e-03
Computing sensitivity for variable: 
  0   1   2   3   4   5   6   7   8   9  10  11  12  13  14  15  16  17  18  19 
 20  21  22  23  24  25  26  27  28  29  30  31  32  33  34  35  36  37  38  39 
 40  41  42  43  44  45  46  47  48  49 
Starting 1D search on iteration 37
Objective function value: 1.095630e-03
Computing sensitivity for variable: 
  0   1   2   3   4   5   6   7   8   9  10  11  12  13  14  15  16  17  18  19 
 20  21  22  23  24  25  26  27  28  29  30  31  32  33  34  35  36  37  38  39 
 40  41  42  43  44  45  46  47  48  49 
Starting 1D search on iteration 38
Objective function value: 9.262930e-04
Computing sensitivity for variable: 
  0   1   2   3   4   5   6   7   8   9  10  11  12  13  14  15  16  17  18  19 
 20  21  22  23  24  25  26  27  28  29  30  31  32  33  34  35  36  37  38  39 
 40  41  42  43  44  45  46  47  48  49 
Starting 1D search on iteration 39
Objective function value: 8.194359e-04
Computing sensitivity for variable: 
  0   1   2   3   4   5   6   7   8   9  10  11  12  13  14  15  16  17  18  19 
 20  21  22  23  24  25  26  27  28  29  30  31  32  33  34  35  36  37  38  39 
 40  41  42  43  44  45  46  47  48  49 
Starting 1D search on iteration 40
Objective function value: 6.533519e-04
Computing sensitivity for variable: 
  0   1   2   3   4   5   6   7   8   9  10  11  12  13  14  15  16  17  18  19 
 20  21  22  23  24  25  26  27  28  29  30  31  32  33  34  35  36  37  38  39 
 40  41  42  43  44  45  46  47  48  49 
Starting 1D search on iteration 41
Objective function value: 5.863111e-04
Computing sensitivity for variable: 
  0   1   2   3   4   5   6   7   8   9  10  11  12  13  14  15  16  17  18  19 
 20  21  22  23  24  25  26  27  28  29  30  31  32  33  34  35  36  37  38  39 
 40  41  42  43  44  45  46  47  48  49 
Starting 1D search on iteration 42
Objective function value: 5.257198e-04
Computing sensitivity for variable: 
  0   1   2   3   4   5   6   7   8   9  10  11  12  13  14  15  16  17  18  19 
 20  21  22  23  24  25  26  27  28  29  30  31  32  33  34  35  36  37  38  39 
 40  41  42  43  44  45  46  47  48  49 
Starting 1D search on iteration 43
Objective function value: 4.482887e-04
Computing sensitivity for variable: 
  0   1   2   3   4   5   6   7   8   9  10  11  12  13  14  15  16  17  18  19 
 20  21  22  23  24  25  26  27  28  29  30  31  32  33  34  35  36  37  38  39 
 40  41  42  43  44  45  46  47  48  49 
Starting 1D search on iteration 44
Objective function value: 4.026930e-04
Computing sensitivity for variable: 
  0   1   2   3   4   5   6   7   8   9  10  11  12  13  14  15  16  17  18  19 
 20  21  22  23  24  25  26  27  28  29  30  31  32  33  34  35  36  37  38  39 
 40  41  42  43  44  45  46  47  48  49 
Starting 1D search on iteration 45
Objective function value: 3.277826e-04
Computing sensitivity for variable: 
  0   1   2   3   4   5   6   7   8   9  10  11  12  13  14  15  16  17  18  19 
 20  21  22  23  24  25  26  27  28  29  30  31  32  33  34  35  36  37  38  39 
 40  41  42  43  44  45  46  47  48  49 
Starting 1D search on iteration 46
Objective function value: 2.787524e-04
Computing sensitivity for variable: 
  0   1   2   3   4   5   6   7   8   9  10  11  12  13  14  15  16  17  18  19 
 20  21  22  23  24  25  26  27  28  29  30  31  32  33  34  35  36  37  38  39 
 40  41  42  43  44  45  46  47  48  49 
Starting 1D search on iteration 47
Objective function value: 2.150226e-04
Computing sensitivity for variable: 
  0   1   2   3   4   5   6   7   8   9  10  11  12  13  14  15  16  17  18  19 
 20  21  22  23  24  25  26  27  28  29  30  31  32  33  34  35  36  37  38  39 
 40  41  42  43  44  45  46  47  48  49 
Starting 1D search on iteration 48
Objective function value: 1.654606e-04
Computing sensitivity for variable: 
  0   1   2   3   4   5   6   7   8   9  10  11  12  13  14  15  16  17  18  19 
 20  21  22  23  24  25  26  27  28  29  30  31  32  33  34  35  36  37  38  39 
 40  41  42  43  44  45  46  47  48  49 
Starting 1D search on iteration 49
Objective function value: 1.301033e-04
Computing sensitivity for variable: 
  0   1   2   3   4   5   6   7   8   9  10  11  12  13  14  15  16  17  18  19 
 20  21  22  23  24  25  26  27  28  29  30  31  32  33  34  35  36  37  38  39 
 40  41  42  43  44  45  46  47  48  49 
Starting 1D search on iteration 50
Objective function value: 1.049569e-04
Computing sensitivity for variable: 
  0   1   2   3   4   5   6   7   8   9  10  11  12  13  14  15  16  17  18  19 
 20  21  22  23  24  25  26  27  28  29  30  31  32  33  34  35  36  37  38  39 
 40  41  42  43  44  45  46  47  48  49 
Starting 1D search on iteration 51
Objective function value: 8.605708e-05
BFGS complete.
