Creating a new problem object. 
Optimizing.
Computing sensitivity for variable: 
  0   1   2   3   4   5   6   7   8   9  10  11  12  13  14  15  16  17  18  19 
 20  21  22  23  24  25  26  27  28  29  30  31  32  33  34  35  36  37  38  39 
 40  41  42  43  44  45  46  47  48  49 
Starting 1D search on iteration 0
Objective function value: 5.179483e-01
Computing sensitivity for variable: 
  0   1   2   3   4   5   6   7   8   9  10  11  12  13  14  15  16  17  18  19 
 20  21  22  23  24  25  26  27  28  29  30  31  32  33  34  35  36  37  38  39 
 40  41  42  43  44  45  46  47  48  49 
Starting 1D search on iteration 1
Objective function value: 2.443466e-01
Computing sensitivity for variable: 
  0   1   2   3   4   5   6   7   8   9  10  11  12  13  14  15  16  17  18  19 
 20  21  22  23  24  25  26  27  28  29  30  31  32  33  34  35  36  37  38  39 
 40  41  42  43  44  45  46  47  48  49 
Starting 1D search on iteration 2
Objective function value: 2.141218e-01
Computing sensitivity for variable: 
  0   1   2   3   4   5   6   7   8   9  10  11  12  13  14  15  16  17  18  19 
 20  21  22  23  24  25  26  27  28  29  30  31  32  33  34  35  36  37  38  39 
 40  41  42  43  44  45  46  47  48  49 
Starting 1D search on iteration 3
Warning: inner radius larger than outer radius.
Warning: inner radius larger than outer radius.
Warning: inner radius larger than outer radius.
Warning: inner radius larger than outer radius.
Warning: inner radius larger than outer radius.
Objective function value: 8.342321e-02
Computing sensitivity for variable: 
  0   1   2   3   4   5   6   7   8   9  10  11  12  13  14  15  16  17  18  19 
 20  21  22  23  24  25  26  27  28  29  30  31  32  33  34  35  36  37  38  39 
 40  41  42  43  44  45  46  47  48  49 
Starting 1D search on iteration 4
Objective function value: 8.330039e-02
Computing sensitivity for variable: 
  0   1   2   3   4   5   6   7   8   9  10  11  12  13  14  15  16  17  18  19 
 20  21  22  23  24  25  26  27  28  29  30  31  32  33  34  35  36  37  38  39 
 40  41  42  43  44  45  46  47  48  49 
Starting 1D search on iteration 5
Objective function value: 8.114666e-02
Computing sensitivity for variable: 
  0   1   2   3   4   5   6   7   8   9  10  11  12  13  14  15  16  17  18  19 
 20  21  22  23  24  25  26  27  28  29  30  31  32  33  34  35  36  37  38  39 
 40  41  42  43  44  45  46  47  48  49 
Starting 1D search on iteration 6
Objective function value: 7.497195e-02
Computing sensitivity for variable: 
  0   1   2   3   4   5   6   7   8   9  10  11  12  13  14  15  16  17  18  19 
 20  21  22  23  24  25  26  27  28  29  30  31  32  33  34  35  36  37  38  39 
 40  41  42  43  44  45  46  47  48  49 
Starting 1D search on iteration 7
Objective function value: 6.136680e-02
Computing sensitivity for variable: 
  0   1   2   3   4   5   6   7   8   9  10  11  12  13  14  15  16  17  18  19 
 20  21  22  23  24  25  26  27  28  29  30  31  32  33  34  35  36  37  38  39 
 40  41  42  43  44  45  46  47  48  49 
Starting 1D search on iteration 8
Objective function value: 4.581764e-02
Computing sensitivity for variable: 
  0   1   2   3   4   5   6   7   8   9  10  11  12  13  14  15  16  17  18  19 
 20  21  22  23  24  25  26  27  28  29  30  31  32  33  34  35  36  37  38  39 
 40  41  42  43  44  45  46  47  48  49 
Starting 1D search on iteration 9
Objective function value: 3.850146e-02
Computing sensitivity for variable: 
  0   1   2   3   4   5   6   7   8   9  10  11  12  13  14  15  16  17  18  19 
 20  21  22  23  24  25  26  27  28  29  30  31  32  33  34  35  36  37  38  39 
 40  41  42  43  44  45  46  47  48  49 
Starting 1D search on iteration 10
Objective function value: 3.187047e-02
Computing sensitivity for variable: 
  0   1   2   3   4   5   6   7   8   9  10  11  12  13  14  15  16  17  18  19 
 20  21  22  23  24  25  26  27  28  29  30  31  32  33  34  35  36  37  38  39 
 40  41  42  43  44  45  46  47  48  49 
Starting 1D search on iteration 11
Objective function value: 2.111300e-02
Computing sensitivity for variable: 
  0   1   2   3   4   5   6   7   8   9  10  11  12  13  14  15  16  17  18  19 
 20  21  22  23  24  25  26  27  28  29  30  31  32  33  34  35  36  37  38  39 
 40  41  42  43  44  45  46  47  48  49 
Starting 1D search on iteration 12
Objective function value: 1.812652e-02
Computing sensitivity for variable: 
  0   1   2   3   4   5   6   7   8   9  10  11  12  13  14  15  16  17  18  19 
 20  21  22  23  24  25  26  27  28  29  30  31  32  33  34  35  36  37  38  39 
 40  41  42  43  44  45  46  47  48  49 
Starting 1D search on iteration 13
Objective function value: 1.645248e-02
Computing sensitivity for variable: 
  0   1   2   3   4   5   6   7   8   9  10  11  12  13  14  15  16  17  18  19 
 20  21  22  23  24  25  26  27  28  29  30  31  32  33  34  35  36  37  38  39 
 40  41  42  43  44  45  46  47  48  49 
Starting 1D search on iteration 14
Objective function value: 1.527027e-02
Computing sensitivity for variable: 
  0   1   2   3   4   5   6   7   8   9  10  11  12  13  14  15  16  17  18  19 
 20  21  22  23  24  25  26  27  28  29  30  31  32  33  34  35  36  37  38  39 
 40  41  42  43  44  45  46  47  48  49 
Starting 1D search on iteration 15
Objective function value: 1.443913e-02
Computing sensitivity for variable: 
  0   1   2   3   4   5   6   7   8   9  10  11  12  13  14  15  16  17  18  19 
 20  21  22  23  24  25  26  27  28  29  30  31  32  33  34  35  36  37  38  39 
 40  41  42  43  44  45  46  47  48  49 
Starting 1D search on iteration 16
Objective function value: 1.324316e-02
Computing sensitivity for variable: 
  0   1   2   3   4   5   6   7   8   9  10  11  12  13  14  15  16  17  18  19 
 20  21  22  23  24  25  26  27  28  29  30  31  32  33  34  35  36  37  38  39 
 40  41  42  43  44  45  46  47  48  49 
Starting 1D search on iteration 17
Objective function value: 1.014805e-02
Computing sensitivity for variable: 
  0   1   2   3   4   5   6   7   8   9  10  11  12  13  14  15  16  17  18  19 
 20  21  22  23  24  25  26  27  28  29  30  31  32  33  34  35  36  37  38  39 
 40  41  42  43  44  45  46  47  48  49 
Starting 1D search on iteration 18
Objective function value: 8.951725e-03
Computing sensitivity for variable: 
  0   1   2   3   4   5   6   7   8   9  10  11  12  13  14  15  16  17  18  19 
 20  21  22  23  24  25  26  27  28  29  30  31  32  33  34  35  36  37  38  39 
 40  41  42  43  44  45  46  47  48  49 
Starting 1D search on iteration 19
Objective function value: 8.005318e-03
Computing sensitivity for variable: 
  0   1   2   3   4   5   6   7   8   9  10  11  12  13  14  15  16  17  18  19 
 20  21  22  23  24  25  26  27  28  29  30  31  32  33  34  35  36  37  38  39 
 40  41  42  43  44  45  46  47  48  49 
Starting 1D search on iteration 20
Objective function value: 7.301223e-03
Computing sensitivity for variable: 
  0   1   2   3   4   5   6   7   8   9  10  11  12  13  14  15  16  17  18  19 
 20  21  22  23  24  25  26  27  28  29  30  31  32  33  34  35  36  37  38  39 
 40  41  42  43  44  45  46  47  48  49 
Starting 1D search on iteration 21
Objective function value: 6.964081e-03
Computing sensitivity for variable: 
  0   1   2   3   4   5   6   7   8   9  10  11  12  13  14  15  16  17  18  19 
 20  21  22  23  24  25  26  27  28  29  30  31  32  33  34  35  36  37  38  39 
 40  41  42  43  44  45  46  47  48  49 
Starting 1D search on iteration 22
Objective function value: 6.510017e-03
Computing sensitivity for variable: 
  0   1   2   3   4   5   6   7   8   9  10  11  12  13  14  15  16  17  18  19 
 20  21  22  23  24  25  26  27  28  29  30  31  32  33  34  35  36  37  38  39 
 40  41  42  43  44  45  46  47  48  49 
Starting 1D search on iteration 23
Objective function value: 5.736525e-03
Computing sensitivity for variable: 
  0   1   2   3   4   5   6   7   8   9  10  11  12  13  14  15  16  17  18  19 
 20  21  22  23  24  25  26  27  28  29  30  31  32  33  34  35  36  37  38  39 
 40  41  42  43  44  45  46  47  48  49 
Starting 1D search on iteration 24
Objective function value: 5.495762e-03
Computing sensitivity for variable: 
  0   1   2   3   4   5   6   7   8   9  10  11  12  13  14  15  16  17  18  19 
 20  21  22  23  24  25  26  27  28  29  30  31  32  33  34  35  36  37  38  39 
 40  41  42  43  44  45  46  47  48  49 
Starting 1D search on iteration 25
Objective function value: 4.896771e-03
Computing sensitivity for variable: 
  0   1   2   3   4   5   6   7   8   9  10  11  12  13  14  15  16  17  18  19 
 20  21  22  23  24  25  26  27  28  29  30  31  32  33  34  35  36  37  38  39 
 40  41  42  43  44  45  46  47  48  49 
Starting 1D search on iteration 26
Objective function value: 3.960465e-03
Computing sensitivity for variable: 
  0   1   2   3   4   5   6   7   8   9  10  11  12  13  14  15  16  17  18  19 
 20  21  22  23  24  25  26  27  28  29  30  31  32  33  34  35  36  37  38  39 
 40  41  42  43  44  45  46  47  48  49 
Starting 1D search on iteration 27
Objective function value: 3.530778e-03
Computing sensitivity for variable: 
  0   1   2   3   4   5   6   7   8   9  10  11  12  13  14  15  16  17  18  19 
 20  21  22  23  24  25  26  27  28  29  30  31  32  33  34  35  36  37  38  39 
 40  41  42  43  44  45  46  47  48  49 
Starting 1D search on iteration 28
Objective function value: 3.163297e-03
Computing sensitivity for variable: 
  0   1   2   3   4   5   6   7   8   9  10  11  12  13  14  15  16  17  18  19 
 20  21  22  23  24  25  26  27  28  29  30  31  32  33  34  35  36  37  38  39 
 40  41  42  43  44  45  46  47  48  49 
Starting 1D search on iteration 29
Objective function value: 3.026820e-03
Computing sensitivity for variable: 
  0   1   2   3   4   5   6   7   8   9  10  11  12  13  14  15  16  17  18  19 
 20  21  22  23  24  25  26  27  28  29  30  31  32  33  34  35  36  37  38  39 
 40  41  42  43  44  45  46  47  48  49 
Starting 1D search on iteration 30
Objective function value: 2.839971e-03
Computing sensitivity for variable: 
  0   1   2   3   4   5   6   7   8   9  10  11  12  13  14  15  16  17  18  19 
 20  21  22  23  24  25  26  27  28  29  30  31  32  33  34  35  36  37  38  39 
 40  41  42  43  44  45  46  47  48  49 
Starting 1D search on iteration 31
Objective function value: 2.591556e-03
Computing sensitivity for variable: 
  0   1   2   3   4   5   6   7   8   9  10  11  12  13  14  15  16  17  18  19 
 20  21  22  23  24  25  26  27  28  29  30  31  32  33  34  35  36  37  38  39 
 40  41  42  43  44  45  46  47  48  49 
Starting 1D search on iteration 32
Objective function value: 2.192354e-03
Computing sensitivity for variable: 
  0   1   2   3   4   5   6   7   8   9  10  11  12  13  14  15  16  17  18  19 
 20  21  22  23  24  25  26  27  28  29  30  31  32  33  34  35  36  37  38  39 
 40  41  42  43  44  45  46  47  48  49 
Starting 1D search on iteration 33
Objective function value: 1.869214e-03
Computing sensitivity for variable: 
  0   1   2   3   4   5   6   7   8   9  10  11  12  13  14  15  16  17  18  19 
 20  21  22  23  24  25  26  27  28  29  30  31  32  33  34  35  36  37  38  39 
 40  41  42  43  44  45  46  47  48  49 
Starting 1D search on iteration 34
Objective function value: 1.567227e-03
Computing sensitivity for variable: 
  0   1   2   3   4   5   6   7   8   9  10  11  12  13  14  15  16  17  18  19 
 20  21  22  23  24  25  26  27  28  29  30  31  32  33  34  35  36  37  38  39 
 40  41  42  43  44  45  46  47  48  49 
Starting 1D search on iteration 35
Objective function value: 1.265906e-03
Computing sensitivity for variable: 
  0   1   2   3   4   5   6   7   8   9  10  11  12  13  14  15  16  17  18  19 
 20  21  22  23  24  25  26  27  28  29  30  31  32  33  34  35  36  37  38  39 
 40  41  42  43  44  45  46  47  48  49 
Starting 1D search on iteration 36
Objective function value: 1.149063e-03
Computing sensitivity for variable: 
  0   1   2   3   4   5   6   7   8   9  10  11  12  13  14  15  16  17  18  19 
 20  21  22  23  24  25  26  27  28  29  30  31  32  33  34  35  36  37  38  39 
 40  41  42  43  44  45  46  47  48  49 
Starting 1D search on iteration 37
Objective function value: 1.016288e-03
Computing sensitivity for variable: 
  0   1   2   3   4   5   6   7   8   9  10  11  12  13  14  15  16  17  18  19 
 20  21  22  23  24  25  26  27  28  29  30  31  32  33  34  35  36  37  38  39 
 40  41  42  43  44  45  46  47  48  49 
Starting 1D search on iteration 38
Objective function value: 8.734635e-04
Computing sensitivity for variable: 
  0   1   2   3   4   5   6   7   8   9  10  11  12  13  14  15  16  17  18  19 
 20  21  22  23  24  25  26  27  28  29  30  31  32  33  34  35  36  37  38  39 
 40  41  42  43  44  45  46  47  48  49 
Starting 1D search on iteration 39
Objective function value: 6.790231e-04
Computing sensitivity for variable: 
  0   1   2   3   4   5   6   7   8   9  10  11  12  13  14  15  16  17  18  19 
 20  21  22  23  24  25  26  27  28  29  30  31  32  33  34  35  36  37  38  39 
 40  41  42  43  44  45  46  47  48  49 
Starting 1D search on iteration 40
Objective function value: 5.642935e-04
Computing sensitivity for variable: 
  0   1   2   3   4   5   6   7   8   9  10  11  12  13  14  15  16  17  18  19 
 20  21  22  23  24  25  26  27  28  29  30  31  32  33  34  35  36  37  38  39 
 40  41  42  43  44  45  46  47  48  49 
Starting 1D search on iteration 41
Objective function value: 4.827148e-04
Computing sensitivity for variable: 
  0   1   2   3   4   5   6   7   8   9  10  11  12  13  14  15  16  17  18  19 
 20  21  22  23  24  25  26  27  28  29  30  31  32  33  34  35  36  37  38  39 
 40  41  42  43  44  45  46  47  48  49 
Starting 1D search on iteration 42
Objective function value: 4.325896e-04
Computing sensitivity for variable: 
  0   1   2   3   4   5   6   7   8   9  10  11  12  13  14  15  16  17  18  19 
 20  21  22  23  24  25  26  27  28  29  30  31  32  33  34  35  36  37  38  39 
 40  41  42  43  44  45  46  47  48  49 
Starting 1D search on iteration 43
Objective function value: 3.774601e-04
Computing sensitivity for variable: 
  0   1   2   3   4   5   6   7   8   9  10  11  12  13  14  15  16  17  18  19 
 20  21  22  23  24  25  26  27  28  29  30  31  32  33  34  35  36  37  38  39 
 40  41  42  43  44  45  46  47  48  49 
Starting 1D search on iteration 44
Objective function value: 2.977692e-04
Computing sensitivity for variable: 
  0   1   2   3   4   5   6   7   8   9  10  11  12  13  14  15  16  17  18  19 
 20  21  22  23  24  25  26  27  28  29  30  31  32  33  34  35  36  37  38  39 
 40  41  42  43  44  45  46  47  48  49 
Starting 1D search on iteration 45
Objective function value: 2.371276e-04
Computing sensitivity for variable: 
  0   1   2   3   4   5   6   7   8   9  10  11  12  13  14  15  16  17  18  19 
 20  21  22  23  24  25  26  27  28  29  30  31  32  33  34  35  36  37  38  39 
 40  41  42  43  44  45  46  47  48  49 
Starting 1D search on iteration 46
Objective function value: 1.964182e-04
Computing sensitivity for variable: 
  0   1   2   3   4   5   6   7   8   9  10  11  12  13  14  15  16  17  18  19 
 20  21  22  23  24  25  26  27  28  29  30  31  32  33  34  35  36  37  38  39 
 40  41  42  43  44  45  46  47  48  49 
Starting 1D search on iteration 47
Objective function value: 1.645527e-04
Computing sensitivity for variable: 
  0   1   2   3   4   5   6   7   8   9  10  11  12  13  14  15  16  17  18  19 
 20  21  22  23  24  25  26  27  28  29  30  31  32  33  34  35  36  37  38  39 
 40  41  42  43  44  45  46  47  48  49 
Starting 1D search on iteration 48
Objective function value: 1.298629e-04
Computing sensitivity for variable: 
  0   1   2   3   4   5   6   7   8   9  10  11  12  13  14  15  16  17  18  19 
 20  21  22  23  24  25  26  27  28  29  30  31  32  33  34  35  36  37  38  39 
 40  41  42  43  44  45  46  47  48  49 
Starting 1D search on iteration 49
Objective function value: 1.071260e-04
Computing sensitivity for variable: 
  0   1   2   3   4   5   6   7   8   9  10  11  12  13  14  15  16  17  18  19 
 20  21  22  23  24  25  26  27  28  29  30  31  32  33  34  35  36  37  38  39 
 40  41  42  43  44  45  46  47  48  49 
Starting 1D search on iteration 50
Objective function value: 8.336681e-05
BFGS complete.
