Creating a new problem object. 
Optimizing.
Computing sensitivity for variable: 
  0   1   2   3   4   5   6   7   8   9  10  11  12  13  14  15  16  17  18  19 
 20  21  22  23  24  25  26  27  28  29  30  31  32  33  34  35  36  37  38  39 
 40  41  42  43  44  45  46  47  48  49 
Starting 1D search on iteration 0
Objective function value: 8.316963e-01
Computing sensitivity for variable: 
  0   1   2   3   4   5   6   7   8   9  10  11  12  13  14  15  16  17  18  19 
 20  21  22  23  24  25  26  27  28  29  30  31  32  33  34  35  36  37  38  39 
 40  41  42  43  44  45  46  47  48  49 
Starting 1D search on iteration 1
Objective function value: -nan
Computing sensitivity for variable: 
  0   1   2   3   4   5   6   7   8   9  10  11  12  13  14  15  16  17  18  19 
 20  21  22  23  24  25  26  27  28  29  30  31  32  33  34  35  36  37  38  39 
 40  41  42  43  44  45  46  47  48  49 
Starting 1D search on iteration 2
Objective function value: -nan
Computing sensitivity for variable: 
  0   1   2   3   4   5   6   7   8   9  10  11  12  13  14  15  16  17  18  19 
 20  21  22  23  24  25  26  27  28  29  30  31  32  33  34  35  36  37  38  39 
 40  41  42  43  44  45  46  47  48  49 
Starting 1D search on iteration 3
Objective function value: -nan
Computing sensitivity for variable: 
  0   1   2   3   4   5   6   7   8   9  10  11  12  13  14  15  16  17  18  19 
 20  21  22  23  24  25  26  27  28  29  30  31  32  33  34  35  36  37  38  39 
 40  41  42  43  44  45  46  47  48  49 
Starting 1D search on iteration 4
Objective function value: -nan
Computing sensitivity for variable: 
  0   1   2   3   4   5   6   7   8   9  10  11  12  13  14  15  16  17  18  19 
 20  21  22  23  24  25  26  27  28  29  30  31  32  33  34  35  36  37  38  39 
 40  41  42  43  44  45  46  47  48  49 
Starting 1D search on iteration 5
Objective function value: -nan
Computing sensitivity for variable: 
  0   1   2   3   4   5   6   7   8   9  10  11  12  13  14  15  16  17  18  19 
 20  21  22  23  24  25  26  27  28  29  30  31  32  33  34  35  36  37  38  39 
 40  41  42  43  44  45  46  47  48  49 
Starting 1D search on iteration 6
Objective function value: -nan
Computing sensitivity for variable: 
  0   1   2   3   4   5   6   7   8   9  10  11  12  13  14  15  16  17  18  19 
 20  21  22  23  24  25  26  27  28  29  30  31  32  33  34  35  36  37  38  39 
 40  41  42  43  44  45  46  47  48  49 
Starting 1D search on iteration 7
Objective function value: -nan
Computing sensitivity for variable: 
  0   1   2   3   4   5   6   7   8   9  10  11  12  13  14  15  16  17  18  19 
 20  21  22  23  24  25  26  27  28  29  30  31  32  33  34  35  36  37  38  39 
 40  41  42  43  44  45  46  47  48  49 
Starting 1D search on iteration 8
Objective function value: -nan
Computing sensitivity for variable: 
  0   1   2   3   4   5   6   7   8   9  10  11  12  13  14  15  16  17  18  19 
 20  21  22  23  24  25  26  27  28  29  30  31  32  33  34  35  36  37  38  39 
 40  41  42  43  44  45  46  47  48  49 
Starting 1D search on iteration 9
Objective function value: -nan
Computing sensitivity for variable: 
  0   1   2   3   4   5   6   7   8   9  10  11  12  13  14  15  16  17  18  19 
 20  21  22  23  24  25  26  27  28  29  30  31  32  33  34  35  36  37  38  39 
 40  41  42  43  44  45  46  47  48  49 
Starting 1D search on iteration 10
Objective function value: -nan
Computing sensitivity for variable: 
  0   1   2   3   4   5   6   7   8   9  10  11  12  13  14  15  16  17  18  19 
 20  21  22  23  24  25  26  27  28  29  30  31  32  33  34  35  36  37  38  39 
 40  41  42  43  44  45  46  47  48  49 
Starting 1D search on iteration 11
Objective function value: -nan
Computing sensitivity for variable: 
  0   1   2   3   4   5   6   7   8   9  10  11  12  13  14  15  16  17  18  19 
 20  21  22  23  24  25  26  27  28  29  30  31  32  33  34  35  36  37  38  39 
 40  41  42  43  44  45  46  47  48  49 
Starting 1D search on iteration 12
Objective function value: -nan
Computing sensitivity for variable: 
  0   1   2   3   4   5   6   7   8   9  10  11  12  13  14  15  16  17  18  19 
 20  21  22  23  24  25  26  27  28  29  30  31  32  33  34  35  36  37  38  39 
 40  41  42  43  44  45  46  47  48  49 
Starting 1D search on iteration 13
Objective function value: -nan
Computing sensitivity for variable: 
  0   1   2   3   4   5   6   7   8   9  10  11  12  13  14  15  16  17  18  19 
 20  21  22  23  24  25  26  27  28  29  30  31  32  33  34  35  36  37  38  39 
 40  41  42  43  44  45  46  47  48  49 
Starting 1D search on iteration 14
Objective function value: -nan
Computing sensitivity for variable: 
  0   1   2   3   4   5   6   7   8   9  10  11  12  13  14  15  16  17  18  19 
 20  21  22  23  24  25  26  27  28  29  30  31  32  33  34  35  36  37  38  39 
 40  41  42  43  44  45  46  47  48  49 
Starting 1D search on iteration 15
Objective function value: -nan
Computing sensitivity for variable: 
  0   1   2   3   4   5   6   7   8   9  10  11  12  13  14  15  16  17  18  19 
 20  21  22  23  24  25  26  27  28  29  30  31  32  33  34  35  36  37  38  39 
 40  41  42  43  44  45  46  47  48  49 
Starting 1D search on iteration 16
Objective function value: -nan
Computing sensitivity for variable: 
  0   1   2   3   4   5   6   7   8   9  10  11  12  13  14  15  16  17  18  19 
 20  21  22  23  24  25  26  27  28  29  30  31  32  33  34  35  36  37  38  39 
 40  41  42  43  44  45  46  47  48  49 
Starting 1D search on iteration 17
Objective function value: -nan
Computing sensitivity for variable: 
  0   1   2   3   4   5   6   7   8   9  10  11  12  13  14  15  16  17  18  19 
 20  21  22  23  24  25  26  27  28  29  30  31  32  33  34  35  36  37  38  39 
 40  41  42  43  44  45  46  47  48  49 
Starting 1D search on iteration 18
Objective function value: -nan
Computing sensitivity for variable: 
  0   1   2   3   4   5   6   7   8   9  10  11  12  13  14  15  16  17  18  19 
 20  21  22  23  24  25  26  27  28  29  30  31  32  33  34  35  36  37  38  39 
 40  41  42  43  44  45  46  47  48  49 
Starting 1D search on iteration 19
Objective function value: -nan
Computing sensitivity for variable: 
  0   1   2   3   4   5   6   7   8   9  10  11  12  13  14  15  16  17  18  19 
 20  21  22  23  24  25  26  27  28  29  30  31  32  33  34  35  36  37  38  39 
 40  41  42  43  44  45  46  47  48  49 
Starting 1D search on iteration 20
Objective function value: -nan
Computing sensitivity for variable: 
  0   1   2   3   4   5   6   7   8   9  10  11  12  13  14  15  16  17  18  19 
 20  21  22  23  24  25  26  27  28  29  30  31  32  33  34  35  36  37  38  39 
 40  41  42  43  44  45  46  47  48  49 
Starting 1D search on iteration 21
Objective function value: -nan
Computing sensitivity for variable: 
  0   1   2   3   4   5   6   7   8   9  10  11  12  13  14  15  16  17  18  19 
 20  21  22  23  24  25  26  27  28  29  30  31  32  33  34  35  36  37  38  39 
 40  41  42  43  44  45  46  47  48  49 
Starting 1D search on iteration 22
Objective function value: -nan
Computing sensitivity for variable: 
  0   1   2   3   4   5   6   7   8   9  10  11  12  13  14  15  16  17  18  19 
 20  21  22  23  24  25  26  27  28  29  30  31  32  33  34  35  36  37  38  39 
 40  41  42  43  44  45  46  47  48  49 
Starting 1D search on iteration 23
Objective function value: -nan
Computing sensitivity for variable: 
  0   1   2   3   4   5   6   7   8   9  10  11  12  13  14  15  16  17  18  19 
 20  21  22  23  24  25  26  27  28  29  30  31  32  33  34  35  36  37  38  39 
 40  41  42  43  44  45  46  47  48  49 
Starting 1D search on iteration 24
Objective function value: -nan
Computing sensitivity for variable: 
  0   1   2   3   4   5   6   7   8   9  10  11  12  13  14  15  16  17  18  19 
 20  21  22  23  24  25  26  27  28  29  30  31  32  33  34  35  36  37  38  39 
 40  41  42  43  44  45  46  47  48  49 
Starting 1D search on iteration 25
Objective function value: -nan
Computing sensitivity for variable: 
  0   1   2   3   4   5   6   7   8   9  10  11  12  13  14  15  16  17  18  19 
 20  21  22  23  24  25  26  27  28  29  30  31  32  33  34  35  36  37  38  39 
 40  41  42  43  44  45  46  47  48  49 
Starting 1D search on iteration 26
Objective function value: -nan
Computing sensitivity for variable: 
  0   1   2   3   4   5   6   7   8   9  10  11  12  13  14  15  16  17  18  19 
 20  21  22  23  24  25  26  27  28  29  30  31  32  33  34  35  36  37  38  39 
 40  41  42  43  44  45  46  47  48  49 
Starting 1D search on iteration 27
Objective function value: -nan
Computing sensitivity for variable: 
  0   1   2   3   4   5   6   7   8   9  10  11  12  13  14  15  16  17  18  19 
 20  21  22  23  24  25  26  27  28  29  30  31  32  33  34  35  36  37  38  39 
 40  41  42  43  44  45  46  47  48  49 
Starting 1D search on iteration 28
Objective function value: -nan
Computing sensitivity for variable: 
  0   1   2   3   4   5   6   7   8   9  10  11  12  13  14  15  16  17  18  19 
 20  21  22  23  24  25  26  27  28  29  30  31  32  33  34  35  36  37  38  39 
 40  41  42  43  44  45  46  47  48  49 
Starting 1D search on iteration 29
Objective function value: -nan
Computing sensitivity for variable: 
  0   1   2   3   4   5   6   7   8   9  10  11  12  13  14  15  16  17  18  19 
 20  21  22  23  24  25  26  27  28  29  30  31  32  33  34  35  36  37  38  39 
 40  41  42  43  44  45  46  47  48  49 
Starting 1D search on iteration 30
Objective function value: -nan
Computing sensitivity for variable: 
  0   1   2   3   4   5   6   7   8   9  10  11  12  13  14  15  16  17  18  19 
 20  21  22  23  24  25  26  27  28  29  30  31  32  33  34  35  36  37  38  39 
 40  41  42  43  44  45  46  47  48  49 
Starting 1D search on iteration 31
Objective function value: -nan
Computing sensitivity for variable: 
  0   1   2   3   4   5   6   7   8   9  10  11  12  13  14  15  16  17  18  19 
 20  21  22  23  24  25  26  27  28  29  30  31  32  33  34  35  36  37  38  39 
 40  41  42  43  44  45  46  47  48  49 
Starting 1D search on iteration 32
Objective function value: -nan
Computing sensitivity for variable: 
  0   1   2   3   4   5   6   7   8   9  10  11  12  13  14  15  16  17  18  19 
 20  21  22  23  24  25  26  27  28  29  30  31  32  33  34  35  36  37  38  39 
 40  41  42  43  44  45  46  47  48  49 
Starting 1D search on iteration 33
Objective function value: -nan
Computing sensitivity for variable: 
  0   1   2   3   4   5   6   7   8   9  10  11  12  13  14  15  16  17  18  19 
 20  21  22  23  24  25  26  27  28  29  30  31  32  33  34  35  36  37  38  39 
 40  41  42  43  44  45  46  47  48  49 
Starting 1D search on iteration 34
Objective function value: -nan
Computing sensitivity for variable: 
  0   1   2   3   4   5   6   7   8   9  10  11  12  13  14  15  16  17  18  19 
 20  21  22  23  24  25  26  27  28  29  30  31  32  33  34  35  36  37  38  39 
 40  41  42  43  44  45  46  47  48  49 
Starting 1D search on iteration 35
Objective function value: -nan
Computing sensitivity for variable: 
  0   1   2   3   4   5   6   7   8   9  10  11  12  13  14  15  16  17  18  19 
 20  21  22  23  24  25  26  27  28  29  30  31  32  33  34  35  36  37  38  39 
 40  41  42  43  44  45  46  47  48  49 
Starting 1D search on iteration 36
Objective function value: -nan
Computing sensitivity for variable: 
  0   1   2   3   4   5   6   7   8   9  10  11  12  13  14  15  16  17  18  19 
 20  21  22  23  24  25  26  27  28  29  30  31  32  33  34  35  36  37  38  39 
 40  41  42  43  44  45  46  47  48  49 
Starting 1D search on iteration 37
Objective function value: -nan
Computing sensitivity for variable: 
  0   1   2   3   4   5   6   7   8   9  10  11  12  13  14  15  16  17  18  19 
 20  21  22  23  24  25  26  27  28  29  30  31  32  33  34  35  36  37  38  39 
 40  41  42  43  44  45  46  47  48  49 
Starting 1D search on iteration 38
Objective function value: -nan
Computing sensitivity for variable: 
  0   1   2   3   4   5   6   7   8   9  10  11  12  13  14  15  16  17  18  19 
 20  21  22  23  24  25  26  27  28  29  30  31  32  33  34  35  36  37  38  39 
 40  41  42  43  44  45  46  47  48  49 
Starting 1D search on iteration 39
Objective function value: -nan
Computing sensitivity for variable: 
  0   1   2   3   4   5   6   7   8   9  10  11  12  13  14  15  16  17  18  19 
 20  21  22  23  24  25  26  27  28  29  30  31  32  33  34  35  36  37  38  39 
 40  41  42  43  44  45  46  47  48  49 
Starting 1D search on iteration 40
Objective function value: -nan
Computing sensitivity for variable: 
  0   1   2   3   4   5   6   7   8   9  10  11  12  13  14  15  16  17  18  19 
 20  21  22  23  24  25  26  27  28  29  30  31  32  33  34  35  36  37  38  39 
 40  41  42  43  44  45  46  47  48  49 
Starting 1D search on iteration 41
Objective function value: -nan
Computing sensitivity for variable: 
  0   1   2   3   4   5   6   7   8   9  10  11  12  13  14  15  16  17  18  19 
 20  21  22  23  24  25  26  27  28  29  30  31  32  33  34  35  36  37  38  39 
 40  41  42  43  44  45  46  47  48  49 
Starting 1D search on iteration 42
Objective function value: -nan
Computing sensitivity for variable: 
  0   1   2   3   4   5   6   7   8   9  10  11  12  13  14  15  16  17  18  19 
 20  21  22  23  24  25  26  27  28  29  30  31  32  33  34  35  36  37  38  39 
 40  41  42  43  44  45  46  47  48  49 
Starting 1D search on iteration 43
Objective function value: -nan
Computing sensitivity for variable: 
  0   1   2   3   4   5   6   7   8   9  10  11  12  13  14  15  16  17  18  19 
 20  21  22  23  24  25  26  27  28  29  30  31  32  33  34  35  36  37  38  39 
 40  41  42  43  44  45  46  47  48  49 
Starting 1D search on iteration 44
Objective function value: -nan
Computing sensitivity for variable: 
  0   1   2   3   4   5   6   7   8   9  10  11  12  13  14  15  16  17  18  19 
 20  21  22  23  24  25  26  27  28  29  30  31  32  33  34  35  36  37  38  39 
 40  41  42  43  44  45  46  47  48  49 
Starting 1D search on iteration 45
Objective function value: -nan
Computing sensitivity for variable: 
  0   1   2   3   4   5   6   7   8   9  10  11  12  13  14  15  16  17  18  19 
 20  21  22  23  24  25  26  27  28  29  30  31  32  33  34  35  36  37  38  39 
 40  41  42  43  44  45  46  47  48  49 
Starting 1D search on iteration 46
Objective function value: -nan
Computing sensitivity for variable: 
  0   1   2   3   4   5   6   7   8   9  10  11  12  13  14  15  16  17  18  19 
 20  21  22  23  24  25  26  27  28  29  30  31  32  33  34  35  36  37  38  39 
 40  41  42  43  44  45  46  47  48  49 
Starting 1D search on iteration 47
Objective function value: -nan
Computing sensitivity for variable: 
  0   1   2   3   4   5   6   7   8   9  10  11  12  13  14  15  16  17  18  19 
 20  21  22  23  24  25  26  27  28  29  30  31  32  33  34  35  36  37  38  39 
 40  41  42  43  44  45  46  47  48  49 
Starting 1D search on iteration 48
Objective function value: -nan
Computing sensitivity for variable: 
  0   1   2   3   4   5   6   7   8   9  10  11  12  13  14  15  16  17  18  19 
 20  21  22  23  24  25  26  27  28  29  30  31  32  33  34  35  36  37  38  39 
 40  41  42  43  44  45  46  47  48  49 
Starting 1D search on iteration 49
Objective function value: -nan
Computing sensitivity for variable: 
  0   1   2   3   4   5   6   7   8   9  10  11  12  13  14  15  16  17  18  19 
 20  21  22  23  24  25  26  27  28  29  30  31  32  33  34  35  36  37  38  39 
 40  41  42  43  44  45  46  47  48  49 
Starting 1D search on iteration 50
Objective function value: -nan
Computing sensitivity for variable: 
  0   1   2   3   4   5   6   7   8   9  10  11  12  13  14  15  16  17  18  19 
 20  21  22  23  24  25  26  27  28  29  30  31  32  33  34  35  36  37  38  39 
 40  41  42  43  44  45  46  47  48  49 
Starting 1D search on iteration 51
Objective function value: -nan
Computing sensitivity for variable: 
  0   1   2   3   4   5   6   7   8   9  10  11  12  13  14  15  16  17  18  19 
 20  21  22  23  24  25  26  27  28  29  30  31  32  33  34  35  36  37  38  39 
 40  41  42  43  44  45  46  47  48  49 
Starting 1D search on iteration 52
Objective function value: -nan
Computing sensitivity for variable: 
  0   1   2   3   4   5   6   7   8   9  10  11  12  13  14  15  16  17  18  19 
 20  21  22  23  24  25  26  27  28  29  30  31  32  33  34  35  36  37  38  39 
 40  41  42  43  44  45  46  47  48  49 
Starting 1D search on iteration 53
Objective function value: -nan
Computing sensitivity for variable: 
  0   1   2   3   4   5   6   7   8   9  10  11  12  13  14  15  16  17  18  19 
 20  21  22  23  24  25  26  27  28  29  30  31  32  33  34  35  36  37  38  39 
 40  41  42  43  44  45  46  47  48  49 
Starting 1D search on iteration 54
Objective function value: -nan
Computing sensitivity for variable: 
  0   1   2   3   4   5   6   7   8   9  10  11  12  13  14  15  16  17  18  19 
 20  21  22  23  24  25  26  27  28  29  30  31  32  33  34  35  36  37  38  39 
 40  41  42  43  44  45  46  47  48  49 
Starting 1D search on iteration 55
Objective function value: -nan
Computing sensitivity for variable: 
  0   1   2   3   4   5   6   7   8   9  10  11  12  13  14  15  16  17  18  19 
 20  21  22  23  24  25  26  27  28  29  30  31  32  33  34  35  36  37  38  39 
 40  41  42  43  44  45  46  47  48  49 
Starting 1D search on iteration 56
Objective function value: -nan
Computing sensitivity for variable: 
  0   1   2   3   4   5   6   7   8   9  10  11  12  13  14  15  16  17  18  19 
 20  21  22  23  24  25  26  27  28  29  30  31  32  33  34  35  36  37  38  39 
 40  41  42  43  44  45  46  47  48  49 
Starting 1D search on iteration 57
Objective function value: -nan
Computing sensitivity for variable: 
  0   1   2   3   4   5   6   7   8   9  10  11  12  13  14  15  16  17  18  19 
 20  21  22  23  24  25  26  27  28  29  30  31  32  33  34  35  36  37  38  39 
 40  41  42  43  44  45  46  47  48  49 
Starting 1D search on iteration 58
Objective function value: -nan
Computing sensitivity for variable: 
  0   1   2   3   4   5   6   7   8   9  10  11  12  13  14  15  16  17  18  19 
 20  21  22  23  24  25  26  27  28  29  30  31  32  33  34  35  36  37  38  39 
 40  41  42  43  44  45  46  47  48  49 
Starting 1D search on iteration 59
Objective function value: -nan
Computing sensitivity for variable: 
  0   1   2   3   4   5   6   7   8   9  10  11  12  13  14  15  16  17  18  19 
 20  21  22  23  24  25  26  27  28  29  30  31  32  33  34  35  36  37  38  39 
 40  41  42  43  44  45  46  47  48  49 
Starting 1D search on iteration 60
Objective function value: -nan
Computing sensitivity for variable: 
  0   1   2   3   4   5   6   7   8   9  10  11  12  13  14  15  16  17  18  19 
 20  21  22  23  24  25  26  27  28  29  30  31  32  33  34  35  36  37  38  39 
 40  41  42  43  44  45  46  47  48  49 
Starting 1D search on iteration 61
Objective function value: -nan
Computing sensitivity for variable: 
  0   1   2   3   4   5   6   7   8   9  10  11  12  13  14  15  16  17  18  19 
 20  21  22  23  24  25  26  27  28  29  30  31  32  33  34  35  36  37  38  39 
 40  41  42  43  44  45  46  47  48  49 
Starting 1D search on iteration 62
Objective function value: -nan
Computing sensitivity for variable: 
  0   1   2   3   4   5   6   7   8   9  10  11  12  13  14  15  16  17  18  19 
 20  21  22  23  24  25  26  27  28  29  30  31  32  33  34  35  36  37  38  39 
 40  41  42  43  44  45  46  47  48  49 
Starting 1D search on iteration 63
Objective function value: -nan
Computing sensitivity for variable: 
  0   1   2   3   4   5   6   7   8   9  10  11  12  13  14  15  16  17  18  19 
 20  21  22  23  24  25  26  27  28  29  30  31  32  33  34  35  36  37  38  39 
 40  41  42  43  44  45  46  47  48  49 
Starting 1D search on iteration 64
Objective function value: -nan
Computing sensitivity for variable: 
  0   1   2   3   4   5   6   7   8   9  10  11  12  13  14  15  16  17  18  19 
 20  21  22  23  24  25  26  27  28  29  30  31  32  33  34  35  36  37  38  39 
 40  41  42  43  44  45  46  47  48  49 
Starting 1D search on iteration 65
Objective function value: -nan
Computing sensitivity for variable: 
  0   1   2   3   4   5   6   7   8   9  10  11  12  13  14  15  16  17  18  19 
 20  21  22  23  24  25  26  27  28  29  30  31  32  33  34  35  36  37  38  39 
 40  41  42  43  44  45  46  47  48  49 
Starting 1D search on iteration 66
Objective function value: -nan
Computing sensitivity for variable: 
  0   1   2   3   4   5   6   7   8   9  10  11  12  13  14  15  16  17  18  19 
 20  21  22  23  24  25  26  27  28  29  30  31  32  33  34  35  36  37  38  39 
 40  41  42  43  44  45  46  47  48  49 
Starting 1D search on iteration 67
Objective function value: -nan
Computing sensitivity for variable: 
  0   1   2   3   4   5   6   7   8   9  10  11  12  13  14  15  16  17  18  19 
 20  21  22  23  24  25  26  27  28  29  30  31  32  33  34  35  36  37  38  39 
 40  41  42  43  44  45  46  47  48  49 
Starting 1D search on iteration 68
Objective function value: -nan
Computing sensitivity for variable: 
  0   1   2   3   4   5   6   7   8   9  10  11  12  13  14  15  16  17  18  19 
 20  21  22  23  24  25  26  27  28  29  30  31  32  33  34  35  36  37  38  39 
 40  41  42  43  44  45  46  47  48  49 
Starting 1D search on iteration 69
Objective function value: -nan
Computing sensitivity for variable: 
  0   1   2   3   4   5   6   7   8   9  10  11  12  13  14  15  16  17  18  19 
 20  21  22  23  24  25  26  27  28  29  30  31  32  33  34  35  36  37  38  39 
 40  41  42  43  44  45  46  47  48  49 
Starting 1D search on iteration 70
Objective function value: -nan
Computing sensitivity for variable: 
  0   1   2   3   4   5   6   7   8   9  10  11  12  13  14  15  16  17  18  19 
 20  21  22  23  24  25  26  27  28  29  30  31  32  33  34  35  36  37  38  39 
 40  41  42  43  44  45  46  47  48  49 
Starting 1D search on iteration 71
Objective function value: -nan
Computing sensitivity for variable: 
  0   1   2   3   4   5   6   7   8   9  10  11  12  13  14  15  16  17  18  19 
 20  21  22  23  24  25  26  27  28  29  30  31  32  33  34  35  36  37  38  39 
 40  41  42  43  44  45  46  47  48  49 
Starting 1D search on iteration 72
Objective function value: -nan
Computing sensitivity for variable: 
  0   1   2   3   4   5   6   7   8   9  10  11  12  13  14  15  16  17  18  19 
 20  21  22  23  24  25  26  27  28  29  30  31  32  33  34  35  36  37  38  39 
 40  41  42  43  44  45  46  47  48  49 
Starting 1D search on iteration 73
Objective function value: -nan
Computing sensitivity for variable: 
  0   1   2   3   4   5   6   7   8   9  10  11  12  13  14  15  16  17  18  19 
 20  21  22  23  24  25  26  27  28  29  30  31  32  33  34  35  36  37  38  39 
 40  41  42  43  44  45  46  47  48  49 
Starting 1D search on iteration 74
Objective function value: -nan
Computing sensitivity for variable: 
  0   1   2   3   4   5   6   7   8   9  10  11  12  13  14  15  16  17  18  19 
 20  21  22  23  24  25  26  27  28  29  30  31  32  33  34  35  36  37  38  39 
 40  41  42  43  44  45  46  47  48  49 
Starting 1D search on iteration 75
Objective function value: -nan
Computing sensitivity for variable: 
  0   1   2   3   4   5   6   7   8   9  10  11  12  13  14  15  16  17  18  19 
 20  21  22  23  24  25  26  27  28  29  30  31  32  33  34  35  36  37  38  39 
 40  41  42  43  44  45  46  47  48  49 
Starting 1D search on iteration 76
Objective function value: -nan
Computing sensitivity for variable: 
  0   1   2   3   4   5   6   7   8   9  10  11  12  13  14  15  16  17  18  19 
 20  21  22  23  24  25  26  27  28  29  30  31  32  33  34  35  36  37  38  39 
 40  41  42  43  44  45  46  47  48  49 
Starting 1D search on iteration 77
Objective function value: -nan
Computing sensitivity for variable: 
  0   1   2   3   4   5   6   7   8   9  10  11  12  13  14  15  16  17  18  19 
 20  21  22  23  24  25  26  27  28  29  30  31  32  33  34  35  36  37  38  39 
 40  41  42  43  44  45  46  47  48  49 
Starting 1D search on iteration 78
Objective function value: -nan
Computing sensitivity for variable: 
  0   1   2   3   4   5   6   7   8   9  10  11  12  13  14  15  16  17  18  19 
 20  21  22  23  24  25  26  27  28  29  30  31  32  33  34  35  36  37  38  39 
 40  41  42  43  44  45  46  47  48  49 
Starting 1D search on iteration 79
Objective function value: -nan
Computing sensitivity for variable: 
  0   1   2   3   4   5   6   7   8   9  10  11  12  13  14  15  16  17  18  19 
 20  21  22  23  24  25  26  27  28  29  30  31  32  33  34  35  36  37  38  39 
 40  41  42  43  44  45  46  47  48  49 
Starting 1D search on iteration 80
Objective function value: -nan
Computing sensitivity for variable: 
  0   1   2   3   4   5   6   7   8   9  10  11  12  13  14  15  16  17  18  19 
 20  21  22  23  24  25  26  27  28  29  30  31  32  33  34  35  36  37  38  39 
 40  41  42  43  44  45  46  47  48  49 
Starting 1D search on iteration 81
Objective function value: -nan
Computing sensitivity for variable: 
  0   1   2   3   4   5   6   7   8   9  10  11  12  13  14  15  16  17  18  19 
 20  21  22  23  24  25  26  27  28  29  30  31  32  33  34  35  36  37  38  39 
 40  41  42  43  44  45  46  47  48  49 
Starting 1D search on iteration 82
Objective function value: -nan
Computing sensitivity for variable: 
  0   1   2   3   4   5   6   7   8   9  10  11  12  13  14  15  16  17  18  19 
 20  21  22  23  24  25  26  27  28  29  30  31  32  33  34  35  36  37  38  39 
 40  41  42  43  44  45  46  47  48  49 
Starting 1D search on iteration 83
Objective function value: -nan
Computing sensitivity for variable: 
  0   1   2   3   4   5   6   7   8   9  10  11  12  13  14  15  16  17  18  19 
 20  21  22  23  24  25  26  27  28  29  30  31  32  33  34  35  36  37  38  39 
 40  41  42  43  44  45  46  47  48  49 
Starting 1D search on iteration 84
Objective function value: -nan
Computing sensitivity for variable: 
  0   1   2   3   4   5   6   7   8   9  10  11  12  13  14  15  16  17  18  19 
 20  21  22  23  24  25  26  27  28  29  30  31  32  33  34  35  36  37  38  39 
 40  41  42  43  44  45  46  47  48  49 
Starting 1D search on iteration 85
Objective function value: -nan
Computing sensitivity for variable: 
  0   1   2   3   4   5   6   7   8   9  10  11  12  13  14  15  16  17  18  19 
 20  21  22  23  24  25  26  27  28  29  30  31  32  33  34  35  36  37  38  39 
 40  41  42  43  44  45  46  47  48  49 
Starting 1D search on iteration 86
Objective function value: -nan
Computing sensitivity for variable: 
  0   1   2   3   4   5   6   7   8   9  10  11  12  13  14  15  16  17  18  19 
 20  21  22  23  24  25  26  27  28  29  30  31  32  33  34  35  36  37  38  39 
 40  41  42  43  44  45  46  47  48  49 
Starting 1D search on iteration 87
Objective function value: -nan
Computing sensitivity for variable: 
  0   1   2   3   4   5   6   7   8   9  10  11  12  13  14  15  16  17  18  19 
 20  21  22  23  24  25  26  27  28  29  30  31  32  33  34  35  36  37  38  39 
 40  41  42  43  44  45  46  47  48  49 
Starting 1D search on iteration 88
Objective function value: -nan
Computing sensitivity for variable: 
  0   1   2   3   4   5   6   7   8   9  10  11  12  13  14  15  16  17  18  19 
 20  21  22  23  24  25  26  27  28  29  30  31  32  33  34  35  36  37  38  39 
 40  41  42  43  44  45  46  47  48  49 
Starting 1D search on iteration 89
Objective function value: -nan
Computing sensitivity for variable: 
  0   1   2   3   4   5   6   7   8   9  10  11  12  13  14  15  16  17  18  19 
 20  21  22  23  24  25  26  27  28  29  30  31  32  33  34  35  36  37  38  39 
 40  41  42  43  44  45  46  47  48  49 
Starting 1D search on iteration 90
Objective function value: -nan
Computing sensitivity for variable: 
  0   1   2   3   4   5   6   7   8   9  10  11  12  13  14  15  16  17  18  19 
 20  21  22  23  24  25  26  27  28  29  30  31  32  33  34  35  36  37  38  39 
 40  41  42  43  44  45  46  47  48  49 
Starting 1D search on iteration 91
Objective function value: -nan
Computing sensitivity for variable: 
  0   1   2   3   4   5   6   7   8   9  10  11  12  13  14  15  16  17  18  19 
 20  21  22  23  24  25  26  27  28  29  30  31  32  33  34  35  36  37  38  39 
 40  41  42  43  44  45  46  47  48  49 
Starting 1D search on iteration 92
Objective function value: -nan
Computing sensitivity for variable: 
  0   1   2   3   4   5   6   7   8   9  10  11  12  13  14  15  16  17  18  19 
 20  21  22  23  24  25  26  27  28  29  30  31  32  33  34  35  36  37  38  39 
 40  41  42  43  44  45  46  47  48  49 
Starting 1D search on iteration 93
Objective function value: -nan
Computing sensitivity for variable: 
  0   1   2   3   4   5   6   7   8   9  10  11  12  13  14  15  16  17  18  19 
 20  21  22  23  24  25  26  27  28  29  30  31  32  33  34  35  36  37  38  39 
 40  41  42  43  44  45  46  47  48  49 
Starting 1D search on iteration 94
Objective function value: -nan
Computing sensitivity for variable: 
  0   1   2   3   4   5   6   7   8   9  10  11  12  13  14  15  16  17  18  19 
 20  21  22  23  24  25  26  27  28  29  30  31  32  33  34  35  36  37  38  39 
 40  41  42  43  44  45  46  47  48  49 
Starting 1D search on iteration 95
Objective function value: -nan
Computing sensitivity for variable: 
  0   1   2   3   4   5   6   7   8   9  10  11  12  13  14  15  16  17  18  19 
 20  21  22  23  24  25  26  27  28  29  30  31  32  33  34  35  36  37  38  39 
 40  41  42  43  44  45  46  47  48  49 
Starting 1D search on iteration 96
Objective function value: -nan
Computing sensitivity for variable: 
  0   1   2   3   4   5   6   7   8   9  10  11  12  13  14  15  16  17  18  19 
 20  21  22  23  24  25  26  27  28  29  30  31  32  33  34  35  36  37  38  39 
 40  41  42  43  44  45  46  47  48  49 
Starting 1D search on iteration 97
Objective function value: -nan
Computing sensitivity for variable: 
  0   1   2   3   4   5   6   7   8   9  10  11  12  13  14  15  16  17  18  19 
 20  21  22  23  24  25  26  27  28  29  30  31  32  33  34  35  36  37  38  39 
 40  41  42  43  44  45  46  47  48  49 
Starting 1D search on iteration 98
Objective function value: -nan
Computing sensitivity for variable: 
  0   1   2   3   4   5   6   7   8   9  10  11  12  13  14  15  16  17  18  19 
 20  21  22  23  24  25  26  27  28  29  30  31  32  33  34  35  36  37  38  39 
 40  41  42  43  44  45  46  47  48  49 
Starting 1D search on iteration 99
Objective function value: -nan
