Creating a new problem object. 
Optimizing.
Computing sensitivity for variable: 
  0   1   2   3   4   5   6   7   8   9  10  11  12  13  14  15  16  17  18  19 
 20  21  22  23  24  25  26  27  28  29  30  31  32  33  34  35  36  37  38  39 
 40  41  42  43  44  45  46  47  48  49 
Starting 1D search on iteration 0
Objective function value: 5.184938e-01
Computing sensitivity for variable: 
  0   1   2   3   4   5   6   7   8   9  10  11  12  13  14  15  16  17  18  19 
 20  21  22  23  24  25  26  27  28  29  30  31  32  33  34  35  36  37  38  39 
 40  41  42  43  44  45  46  47  48  49 
Starting 1D search on iteration 1
Objective function value: 2.440816e-01
Computing sensitivity for variable: 
  0   1   2   3   4   5   6   7   8   9  10  11  12  13  14  15  16  17  18  19 
 20  21  22  23  24  25  26  27  28  29  30  31  32  33  34  35  36  37  38  39 
 40  41  42  43  44  45  46  47  48  49 
Starting 1D search on iteration 2
Objective function value: 2.141192e-01
Computing sensitivity for variable: 
  0   1   2   3   4   5   6   7   8   9  10  11  12  13  14  15  16  17  18  19 
 20  21  22  23  24  25  26  27  28  29  30  31  32  33  34  35  36  37  38  39 
 40  41  42  43  44  45  46  47  48  49 
Starting 1D search on iteration 3
Warning: inner radius larger than outer radius.
Warning: inner radius larger than outer radius.
Warning: inner radius larger than outer radius.
Warning: inner radius larger than outer radius.
Warning: inner radius larger than outer radius.
Warning: inner radius larger than outer radius.
Warning: inner radius larger than outer radius.
Warning: inner radius larger than outer radius.
Warning: inner radius larger than outer radius.
Warning: inner radius larger than outer radius.
Warning: inner radius larger than outer radius.
Warning: inner radius larger than outer radius.
Warning: inner radius larger than outer radius.
Warning: inner radius larger than outer radius.
Warning: inner radius larger than outer radius.
Warning: inner radius larger than outer radius.
Warning: inner radius larger than outer radius.
Warning: inner radius larger than outer radius.
Warning: inner radius larger than outer radius.
Warning: inner radius larger than outer radius.
Warning: inner radius larger than outer radius.
Warning: inner radius larger than outer radius.
Warning: inner radius larger than outer radius.
Objective function value: 1.004911e-03
Computing sensitivity for variable: 
  0   1   2   3   4   5   6   7   8   9  10  11  12  13  14  15  16  17  18  19 
 20  21  22  23  24  25  26  27  28  29  30  31  32  33  34  35  36  37  38  39 
 40  41  42  43  44  45  46  47  48  49 
Starting 1D search on iteration 4
Warning: inner radius larger than outer radius.
Warning: inner radius larger than outer radius.
Objective function value: 1.057416e-01
Computing sensitivity for variable: 
  0   1   2   3   4   5   6   7   8   9  10  11  12  13  14  15  16  17  18  19 
 20  21  22  23  24  25  26  27  28  29  30  31  32  33  34  35  36  37  38  39 
 40  41  42  43  44  45  46  47  48  49 
Starting 1D search on iteration 5
Objective function value: 9.147240e-02
Computing sensitivity for variable: 
  0   1   2   3   4   5   6   7   8   9  10  11  12  13  14  15  16  17  18  19 
 20  21  22  23  24  25  26  27  28  29  30  31  32  33  34  35  36  37  38  39 
 40  41  42  43  44  45  46  47  48  49 
Starting 1D search on iteration 6
Objective function value: 8.315064e-02
Computing sensitivity for variable: 
  0   1   2   3   4   5   6   7   8   9  10  11  12  13  14  15  16  17  18  19 
 20  21  22  23  24  25  26  27  28  29  30  31  32  33  34  35  36  37  38  39 
 40  41  42  43  44  45  46  47  48  49 
Starting 1D search on iteration 7
Objective function value: 8.042497e-02
Computing sensitivity for variable: 
  0   1   2   3   4   5   6   7   8   9  10  11  12  13  14  15  16  17  18  19 
 20  21  22  23  24  25  26  27  28  29  30  31  32  33  34  35  36  37  38  39 
 40  41  42  43  44  45  46  47  48  49 
Starting 1D search on iteration 8
Objective function value: 6.476026e-02
Computing sensitivity for variable: 
  0   1   2   3   4   5   6   7   8   9  10  11  12  13  14  15  16  17  18  19 
 20  21  22  23  24  25  26  27  28  29  30  31  32  33  34  35  36  37  38  39 
 40  41  42  43  44  45  46  47  48  49 
Starting 1D search on iteration 9
Objective function value: 5.203493e-02
Computing sensitivity for variable: 
  0   1   2   3   4   5   6   7   8   9  10  11  12  13  14  15  16  17  18  19 
 20  21  22  23  24  25  26  27  28  29  30  31  32  33  34  35  36  37  38  39 
 40  41  42  43  44  45  46  47  48  49 
Starting 1D search on iteration 10
Objective function value: 4.546718e-02
Computing sensitivity for variable: 
  0   1   2   3   4   5   6   7   8   9  10  11  12  13  14  15  16  17  18  19 
 20  21  22  23  24  25  26  27  28  29  30  31  32  33  34  35  36  37  38  39 
 40  41  42  43  44  45  46  47  48  49 
Starting 1D search on iteration 11
Objective function value: 3.513378e-02
Computing sensitivity for variable: 
  0   1   2   3   4   5   6   7   8   9  10  11  12  13  14  15  16  17  18  19 
 20  21  22  23  24  25  26  27  28  29  30  31  32  33  34  35  36  37  38  39 
 40  41  42  43  44  45  46  47  48  49 
Starting 1D search on iteration 12
Objective function value: 3.048001e-02
Computing sensitivity for variable: 
  0   1   2   3   4   5   6   7   8   9  10  11  12  13  14  15  16  17  18  19 
 20  21  22  23  24  25  26  27  28  29  30  31  32  33  34  35  36  37  38  39 
 40  41  42  43  44  45  46  47  48  49 
Starting 1D search on iteration 13
Objective function value: 2.669763e-02
Computing sensitivity for variable: 
  0   1   2   3   4   5   6   7   8   9  10  11  12  13  14  15  16  17  18  19 
 20  21  22  23  24  25  26  27  28  29  30  31  32  33  34  35  36  37  38  39 
 40  41  42  43  44  45  46  47  48  49 
Starting 1D search on iteration 14
Objective function value: 2.528015e-02
Computing sensitivity for variable: 
  0   1   2   3   4   5   6   7   8   9  10  11  12  13  14  15  16  17  18  19 
 20  21  22  23  24  25  26  27  28  29  30  31  32  33  34  35  36  37  38  39 
 40  41  42  43  44  45  46  47  48  49 
Starting 1D search on iteration 15
Objective function value: 2.399118e-02
Computing sensitivity for variable: 
  0   1   2   3   4   5   6   7   8   9  10  11  12  13  14  15  16  17  18  19 
 20  21  22  23  24  25  26  27  28  29  30  31  32  33  34  35  36  37  38  39 
 40  41  42  43  44  45  46  47  48  49 
Starting 1D search on iteration 16
Objective function value: 2.308363e-02
Computing sensitivity for variable: 
  0   1   2   3   4   5   6   7   8   9  10  11  12  13  14  15  16  17  18  19 
 20  21  22  23  24  25  26  27  28  29  30  31  32  33  34  35  36  37  38  39 
 40  41  42  43  44  45  46  47  48  49 
Starting 1D search on iteration 17
Objective function value: 2.149155e-02
Computing sensitivity for variable: 
  0   1   2   3   4   5   6   7   8   9  10  11  12  13  14  15  16  17  18  19 
 20  21  22  23  24  25  26  27  28  29  30  31  32  33  34  35  36  37  38  39 
 40  41  42  43  44  45  46  47  48  49 
Starting 1D search on iteration 18
Objective function value: 1.967008e-02
Computing sensitivity for variable: 
  0   1   2   3   4   5   6   7   8   9  10  11  12  13  14  15  16  17  18  19 
 20  21  22  23  24  25  26  27  28  29  30  31  32  33  34  35  36  37  38  39 
 40  41  42  43  44  45  46  47  48  49 
Starting 1D search on iteration 19
Objective function value: 1.923512e-02
Computing sensitivity for variable: 
  0   1   2   3   4   5   6   7   8   9  10  11  12  13  14  15  16  17  18  19 
 20  21  22  23  24  25  26  27  28  29  30  31  32  33  34  35  36  37  38  39 
 40  41  42  43  44  45  46  47  48  49 
Starting 1D search on iteration 20
Objective function value: 1.879268e-02
Computing sensitivity for variable: 
  0   1   2   3   4   5   6   7   8   9  10  11  12  13  14  15  16  17  18  19 
 20  21  22  23  24  25  26  27  28  29  30  31  32  33  34  35  36  37  38  39 
 40  41  42  43  44  45  46  47  48  49 
Starting 1D search on iteration 21
Objective function value: 1.804530e-02
Computing sensitivity for variable: 
  0   1   2   3   4   5   6   7   8   9  10  11  12  13  14  15  16  17  18  19 
 20  21  22  23  24  25  26  27  28  29  30  31  32  33  34  35  36  37  38  39 
 40  41  42  43  44  45  46  47  48  49 
Starting 1D search on iteration 22
Objective function value: 1.659280e-02
Computing sensitivity for variable: 
  0   1   2   3   4   5   6   7   8   9  10  11  12  13  14  15  16  17  18  19 
 20  21  22  23  24  25  26  27  28  29  30  31  32  33  34  35  36  37  38  39 
 40  41  42  43  44  45  46  47  48  49 
Starting 1D search on iteration 23
Objective function value: 1.566177e-02
Computing sensitivity for variable: 
  0   1   2   3   4   5   6   7   8   9  10  11  12  13  14  15  16  17  18  19 
 20  21  22  23  24  25  26  27  28  29  30  31  32  33  34  35  36  37  38  39 
 40  41  42  43  44  45  46  47  48  49 
Starting 1D search on iteration 24
Objective function value: 1.505395e-02
Computing sensitivity for variable: 
  0   1   2   3   4   5   6   7   8   9  10  11  12  13  14  15  16  17  18  19 
 20  21  22  23  24  25  26  27  28  29  30  31  32  33  34  35  36  37  38  39 
 40  41  42  43  44  45  46  47  48  49 
Starting 1D search on iteration 25
Objective function value: 1.469594e-02
Computing sensitivity for variable: 
  0   1   2   3   4   5   6   7   8   9  10  11  12  13  14  15  16  17  18  19 
 20  21  22  23  24  25  26  27  28  29  30  31  32  33  34  35  36  37  38  39 
 40  41  42  43  44  45  46  47  48  49 
Starting 1D search on iteration 26
Objective function value: 1.447686e-02
Computing sensitivity for variable: 
  0   1   2   3   4   5   6   7   8   9  10  11  12  13  14  15  16  17  18  19 
 20  21  22  23  24  25  26  27  28  29  30  31  32  33  34  35  36  37  38  39 
 40  41  42  43  44  45  46  47  48  49 
Starting 1D search on iteration 27
Objective function value: 1.427309e-02
Computing sensitivity for variable: 
  0   1   2   3   4   5   6   7   8   9  10  11  12  13  14  15  16  17  18  19 
 20  21  22  23  24  25  26  27  28  29  30  31  32  33  34  35  36  37  38  39 
 40  41  42  43  44  45  46  47  48  49 
Starting 1D search on iteration 28
Objective function value: 1.398402e-02
Computing sensitivity for variable: 
  0   1   2   3   4   5   6   7   8   9  10  11  12  13  14  15  16  17  18  19 
 20  21  22  23  24  25  26  27  28  29  30  31  32  33  34  35  36  37  38  39 
 40  41  42  43  44  45  46  47  48  49 
Starting 1D search on iteration 29
Objective function value: 1.357291e-02
Computing sensitivity for variable: 
  0   1   2   3   4   5   6   7   8   9  10  11  12  13  14  15  16  17  18  19 
 20  21  22  23  24  25  26  27  28  29  30  31  32  33  34  35  36  37  38  39 
 40  41  42  43  44  45  46  47  48  49 
Starting 1D search on iteration 30
Objective function value: 1.330956e-02
Computing sensitivity for variable: 
  0   1   2   3   4   5   6   7   8   9  10  11  12  13  14  15  16  17  18  19 
 20  21  22  23  24  25  26  27  28  29  30  31  32  33  34  35  36  37  38  39 
 40  41  42  43  44  45  46  47  48  49 
Starting 1D search on iteration 31
Objective function value: 1.310657e-02
Computing sensitivity for variable: 
  0   1   2   3   4   5   6   7   8   9  10  11  12  13  14  15  16  17  18  19 
 20  21  22  23  24  25  26  27  28  29  30  31  32  33  34  35  36  37  38  39 
 40  41  42  43  44  45  46  47  48  49 
Starting 1D search on iteration 32
Objective function value: 1.304424e-02
Computing sensitivity for variable: 
  0   1   2   3   4   5   6   7   8   9  10  11  12  13  14  15  16  17  18  19 
 20  21  22  23  24  25  26  27  28  29  30  31  32  33  34  35  36  37  38  39 
 40  41  42  43  44  45  46  47  48  49 
Starting 1D search on iteration 33
Objective function value: 1.292107e-02
Computing sensitivity for variable: 
  0   1   2   3   4   5   6   7   8   9  10  11  12  13  14  15  16  17  18  19 
 20  21  22  23  24  25  26  27  28  29  30  31  32  33  34  35  36  37  38  39 
 40  41  42  43  44  45  46  47  48  49 
Starting 1D search on iteration 34
Objective function value: 1.275986e-02
Computing sensitivity for variable: 
  0   1   2   3   4   5   6   7   8   9  10  11  12  13  14  15  16  17  18  19 
 20  21  22  23  24  25  26  27  28  29  30  31  32  33  34  35  36  37  38  39 
 40  41  42  43  44  45  46  47  48  49 
Starting 1D search on iteration 35
Objective function value: 1.261269e-02
Computing sensitivity for variable: 
  0   1   2   3   4   5   6   7   8   9  10  11  12  13  14  15  16  17  18  19 
 20  21  22  23  24  25  26  27  28  29  30  31  32  33  34  35  36  37  38  39 
 40  41  42  43  44  45  46  47  48  49 
Starting 1D search on iteration 36
Objective function value: 1.253708e-02
Computing sensitivity for variable: 
  0   1   2   3   4   5   6   7   8   9  10  11  12  13  14  15  16  17  18  19 
 20  21  22  23  24  25  26  27  28  29  30  31  32  33  34  35  36  37  38  39 
 40  41  42  43  44  45  46  47  48  49 
Starting 1D search on iteration 37
Objective function value: 1.240064e-02
Computing sensitivity for variable: 
  0   1   2   3   4   5   6   7   8   9  10  11  12  13  14  15  16  17  18  19 
 20  21  22  23  24  25  26  27  28  29  30  31  32  33  34  35  36  37  38  39 
 40  41  42  43  44  45  46  47  48  49 
Starting 1D search on iteration 38
Objective function value: 1.230153e-02
Computing sensitivity for variable: 
  0   1   2   3   4   5   6   7   8   9  10  11  12  13  14  15  16  17  18  19 
 20  21  22  23  24  25  26  27  28  29  30  31  32  33  34  35  36  37  38  39 
 40  41  42  43  44  45  46  47  48  49 
Starting 1D search on iteration 39
Objective function value: 1.223401e-02
Computing sensitivity for variable: 
  0   1   2   3   4   5   6   7   8   9  10  11  12  13  14  15  16  17  18  19 
 20  21  22  23  24  25  26  27  28  29  30  31  32  33  34  35  36  37  38  39 
 40  41  42  43  44  45  46  47  48  49 
Starting 1D search on iteration 40
Objective function value: 1.214119e-02
Computing sensitivity for variable: 
  0   1   2   3   4   5   6   7   8   9  10  11  12  13  14  15  16  17  18  19 
 20  21  22  23  24  25  26  27  28  29  30  31  32  33  34  35  36  37  38  39 
 40  41  42  43  44  45  46  47  48  49 
Starting 1D search on iteration 41
Objective function value: 1.210743e-02
Computing sensitivity for variable: 
  0   1   2   3   4   5   6   7   8   9  10  11  12  13  14  15  16  17  18  19 
 20  21  22  23  24  25  26  27  28  29  30  31  32  33  34  35  36  37  38  39 
 40  41  42  43  44  45  46  47  48  49 
Starting 1D search on iteration 42
Objective function value: 1.207427e-02
Computing sensitivity for variable: 
  0   1   2   3   4   5   6   7   8   9  10  11  12  13  14  15  16  17  18  19 
 20  21  22  23  24  25  26  27  28  29  30  31  32  33  34  35  36  37  38  39 
 40  41  42  43  44  45  46  47  48  49 
Starting 1D search on iteration 43
Objective function value: 1.205727e-02
Computing sensitivity for variable: 
  0   1   2   3   4   5   6   7   8   9  10  11  12  13  14  15  16  17  18  19 
 20  21  22  23  24  25  26  27  28  29  30  31  32  33  34  35  36  37  38  39 
 40  41  42  43  44  45  46  47  48  49 
Starting 1D search on iteration 44
Objective function value: 1.201934e-02
Computing sensitivity for variable: 
  0   1   2   3   4   5   6   7   8   9  10  11  12  13  14  15  16  17  18  19 
 20  21  22  23  24  25  26  27  28  29  30  31  32  33  34  35  36  37  38  39 
 40  41  42  43  44  45  46  47  48  49 
Starting 1D search on iteration 45
Objective function value: 1.200046e-02
Computing sensitivity for variable: 
  0   1   2   3   4   5   6   7   8   9  10  11  12  13  14  15  16  17  18  19 
 20  21  22  23  24  25  26  27  28  29  30  31  32  33  34  35  36  37  38  39 
 40  41  42  43  44  45  46  47  48  49 
Starting 1D search on iteration 46
Objective function value: 1.199434e-02
Computing sensitivity for variable: 
  0   1   2   3   4   5   6   7   8   9  10  11  12  13  14  15  16  17  18  19 
 20  21  22  23  24  25  26  27  28  29  30  31  32  33  34  35  36  37  38  39 
 40  41  42  43  44  45  46  47  48  49 
Starting 1D search on iteration 47
Objective function value: 1.198372e-02
Computing sensitivity for variable: 
  0   1   2   3   4   5   6   7   8   9  10  11  12  13  14  15  16  17  18  19 
 20  21  22  23  24  25  26  27  28  29  30  31  32  33  34  35  36  37  38  39 
 40  41  42  43  44  45  46  47  48  49 
Starting 1D search on iteration 48
Objective function value: 1.197572e-02
Computing sensitivity for variable: 
  0   1   2   3   4   5   6   7   8   9  10  11  12  13  14  15  16  17  18  19 
 20  21  22  23  24  25  26  27  28  29  30  31  32  33  34  35  36  37  38  39 
 40  41  42  43  44  45  46  47  48  49 
Starting 1D search on iteration 49
Objective function value: 1.196847e-02
Computing sensitivity for variable: 
  0   1   2   3   4   5   6   7   8   9  10  11  12  13  14  15  16  17  18  19 
 20  21  22  23  24  25  26  27  28  29  30  31  32  33  34  35  36  37  38  39 
 40  41  42  43  44  45  46  47  48  49 
Starting 1D search on iteration 50
Objective function value: 1.196582e-02
Computing sensitivity for variable: 
  0   1   2   3   4   5   6   7   8   9  10  11  12  13  14  15  16  17  18  19 
 20  21  22  23  24  25  26  27  28  29  30  31  32  33  34  35  36  37  38  39 
 40  41  42  43  44  45  46  47  48  49 
Starting 1D search on iteration 51
Objective function value: 1.196237e-02
Computing sensitivity for variable: 
  0   1   2   3   4   5   6   7   8   9  10  11  12  13  14  15  16  17  18  19 
 20  21  22  23  24  25  26  27  28  29  30  31  32  33  34  35  36  37  38  39 
 40  41  42  43  44  45  46  47  48  49 
Starting 1D search on iteration 52
Objective function value: 1.195088e-02
Computing sensitivity for variable: 
  0   1   2   3   4   5   6   7   8   9  10  11  12  13  14  15  16  17  18  19 
 20  21  22  23  24  25  26  27  28  29  30  31  32  33  34  35  36  37  38  39 
 40  41  42  43  44  45  46  47  48  49 
Starting 1D search on iteration 53
Objective function value: 1.194237e-02
Computing sensitivity for variable: 
  0   1   2   3   4   5   6   7   8   9  10  11  12  13  14  15  16  17  18  19 
 20  21  22  23  24  25  26  27  28  29  30  31  32  33  34  35  36  37  38  39 
 40  41  42  43  44  45  46  47  48  49 
Starting 1D search on iteration 54
Objective function value: 1.193740e-02
Computing sensitivity for variable: 
  0   1   2   3   4   5   6   7   8   9  10  11  12  13  14  15  16  17  18  19 
 20  21  22  23  24  25  26  27  28  29  30  31  32  33  34  35  36  37  38  39 
 40  41  42  43  44  45  46  47  48  49 
Starting 1D search on iteration 55
Objective function value: 1.192819e-02
Computing sensitivity for variable: 
  0   1   2   3   4   5   6   7   8   9  10  11  12  13  14  15  16  17  18  19 
 20  21  22  23  24  25  26  27  28  29  30  31  32  33  34  35  36  37  38  39 
 40  41  42  43  44  45  46  47  48  49 
Starting 1D search on iteration 56
Objective function value: 1.192371e-02
Computing sensitivity for variable: 
  0   1   2   3   4   5   6   7   8   9  10  11  12  13  14  15  16  17  18  19 
 20  21  22  23  24  25  26  27  28  29  30  31  32  33  34  35  36  37  38  39 
 40  41  42  43  44  45  46  47  48  49 
Starting 1D search on iteration 57
Objective function value: 1.191979e-02
Computing sensitivity for variable: 
  0   1   2   3   4   5   6   7   8   9  10  11  12  13  14  15  16  17  18  19 
 20  21  22  23  24  25  26  27  28  29  30  31  32  33  34  35  36  37  38  39 
 40  41  42  43  44  45  46  47  48  49 
Starting 1D search on iteration 58
Objective function value: 1.190985e-02
Computing sensitivity for variable: 
  0   1   2   3   4   5   6   7   8   9  10  11  12  13  14  15  16  17  18  19 
 20  21  22  23  24  25  26  27  28  29  30  31  32  33  34  35  36  37  38  39 
 40  41  42  43  44  45  46  47  48  49 
Starting 1D search on iteration 59
Objective function value: 1.190722e-02
Computing sensitivity for variable: 
  0   1   2   3   4   5   6   7   8   9  10  11  12  13  14  15  16  17  18  19 
 20  21  22  23  24  25  26  27  28  29  30  31  32  33  34  35  36  37  38  39 
 40  41  42  43  44  45  46  47  48  49 
Starting 1D search on iteration 60
Objective function value: 1.190650e-02
Computing sensitivity for variable: 
  0   1   2   3   4   5   6   7   8   9  10  11  12  13  14  15  16  17  18  19 
 20  21  22  23  24  25  26  27  28  29  30  31  32  33  34  35  36  37  38  39 
 40  41  42  43  44  45  46  47  48  49 
Starting 1D search on iteration 61
Objective function value: 1.190592e-02
Computing sensitivity for variable: 
  0   1   2   3   4   5   6   7   8   9  10  11  12  13  14  15  16  17  18  19 
 20  21  22  23  24  25  26  27  28  29  30  31  32  33  34  35  36  37  38  39 
 40  41  42  43  44  45  46  47  48  49 
Starting 1D search on iteration 62
Objective function value: 1.190428e-02
Computing sensitivity for variable: 
  0   1   2   3   4   5   6   7   8   9  10  11  12  13  14  15  16  17  18  19 
 20  21  22  23  24  25  26  27  28  29  30  31  32  33  34  35  36  37  38  39 
 40  41  42  43  44  45  46  47  48  49 
Starting 1D search on iteration 63
Objective function value: 1.190085e-02
Computing sensitivity for variable: 
  0   1   2   3   4   5   6   7   8   9  10  11  12  13  14  15  16  17  18  19 
 20  21  22  23  24  25  26  27  28  29  30  31  32  33  34  35  36  37  38  39 
 40  41  42  43  44  45  46  47  48  49 
Starting 1D search on iteration 64
Objective function value: 1.190029e-02
Computing sensitivity for variable: 
  0   1   2   3   4   5   6   7   8   9  10  11  12  13  14  15  16  17  18  19 
 20  21  22  23  24  25  26  27  28  29  30  31  32  33  34  35  36  37  38  39 
 40  41  42  43  44  45  46  47  48  49 
Starting 1D search on iteration 65
Objective function value: 1.189901e-02
Computing sensitivity for variable: 
  0   1   2   3   4   5   6   7   8   9  10  11  12  13  14  15  16  17  18  19 
 20  21  22  23  24  25  26  27  28  29  30  31  32  33  34  35  36  37  38  39 
 40  41  42  43  44  45  46  47  48  49 
Starting 1D search on iteration 66
Objective function value: 1.189722e-02
Computing sensitivity for variable: 
  0   1   2   3   4   5   6   7   8   9  10  11  12  13  14  15  16  17  18  19 
 20  21  22  23  24  25  26  27  28  29  30  31  32  33  34  35  36  37  38  39 
 40  41  42  43  44  45  46  47  48  49 
Starting 1D search on iteration 67
Objective function value: 1.189553e-02
Computing sensitivity for variable: 
  0   1   2   3   4   5   6   7   8   9  10  11  12  13  14  15  16  17  18  19 
 20  21  22  23  24  25  26  27  28  29  30  31  32  33  34  35  36  37  38  39 
 40  41  42  43  44  45  46  47  48  49 
Starting 1D search on iteration 68
Objective function value: 1.189538e-02
Computing sensitivity for variable: 
  0   1   2   3   4   5   6   7   8   9  10  11  12  13  14  15  16  17  18  19 
 20  21  22  23  24  25  26  27  28  29  30  31  32  33  34  35  36  37  38  39 
 40  41  42  43  44  45  46  47  48  49 
Starting 1D search on iteration 69
Objective function value: 1.189481e-02
Computing sensitivity for variable: 
  0   1   2   3   4   5   6   7   8   9  10  11  12  13  14  15  16  17  18  19 
 20  21  22  23  24  25  26  27  28  29  30  31  32  33  34  35  36  37  38  39 
 40  41  42  43  44  45  46  47  48  49 
Starting 1D search on iteration 70
Objective function value: 1.189273e-02
Computing sensitivity for variable: 
  0   1   2   3   4   5   6   7   8   9  10  11  12  13  14  15  16  17  18  19 
 20  21  22  23  24  25  26  27  28  29  30  31  32  33  34  35  36  37  38  39 
 40  41  42  43  44  45  46  47  48  49 
Starting 1D search on iteration 71
Objective function value: 1.189248e-02
Computing sensitivity for variable: 
  0   1   2   3   4   5   6   7   8   9  10  11  12  13  14  15  16  17  18  19 
 20  21  22  23  24  25  26  27  28  29  30  31  32  33  34  35  36  37  38  39 
 40  41  42  43  44  45  46  47  48  49 
Starting 1D search on iteration 72
Objective function value: 1.189194e-02
Computing sensitivity for variable: 
  0   1   2   3   4   5   6   7   8   9  10  11  12  13  14  15  16  17  18  19 
 20  21  22  23  24  25  26  27  28  29  30  31  32  33  34  35  36  37  38  39 
 40  41  42  43  44  45  46  47  48  49 
Starting 1D search on iteration 73
Objective function value: 1.189140e-02
Computing sensitivity for variable: 
  0   1   2   3   4   5   6   7   8   9  10  11  12  13  14  15  16  17  18  19 
 20  21  22  23  24  25  26  27  28  29  30  31  32  33  34  35  36  37  38  39 
 40  41  42  43  44  45  46  47  48  49 
Starting 1D search on iteration 74
Objective function value: 1.189135e-02
Computing sensitivity for variable: 
  0   1   2   3   4   5   6   7   8   9  10  11  12  13  14  15  16  17  18  19 
 20  21  22  23  24  25  26  27  28  29  30  31  32  33  34  35  36  37  38  39 
 40  41  42  43  44  45  46  47  48  49 
Starting 1D search on iteration 75
Objective function value: 1.189127e-02
Computing sensitivity for variable: 
  0   1   2   3   4   5   6   7   8   9  10  11  12  13  14  15  16  17  18  19 
 20  21  22  23  24  25  26  27  28  29  30  31  32  33  34  35  36  37  38  39 
 40  41  42  43  44  45  46  47  48  49 
Starting 1D search on iteration 76
Objective function value: 1.189098e-02
Computing sensitivity for variable: 
  0   1   2   3   4   5   6   7   8   9  10  11  12  13  14  15  16  17  18  19 
 20  21  22  23  24  25  26  27  28  29  30  31  32  33  34  35  36  37  38  39 
 40  41  42  43  44  45  46  47  48  49 
Starting 1D search on iteration 77
Objective function value: 1.189063e-02
Computing sensitivity for variable: 
  0   1   2   3   4   5   6   7   8   9  10  11  12  13  14  15  16  17  18  19 
 20  21  22  23  24  25  26  27  28  29  30  31  32  33  34  35  36  37  38  39 
 40  41  42  43  44  45  46  47  48  49 
Starting 1D search on iteration 78
Objective function value: 1.188987e-02
Computing sensitivity for variable: 
  0   1   2   3   4   5   6   7   8   9  10  11  12  13  14  15  16  17  18  19 
 20  21  22  23  24  25  26  27  28  29  30  31  32  33  34  35  36  37  38  39 
 40  41  42  43  44  45  46  47  48  49 
Starting 1D search on iteration 79
Objective function value: 1.188959e-02
Computing sensitivity for variable: 
  0   1   2   3   4   5   6   7   8   9  10  11  12  13  14  15  16  17  18  19 
 20  21  22  23  24  25  26  27  28  29  30  31  32  33  34  35  36  37  38  39 
 40  41  42  43  44  45  46  47  48  49 
Starting 1D search on iteration 80
Objective function value: 1.188872e-02
Computing sensitivity for variable: 
  0   1   2   3   4   5   6   7   8   9  10  11  12  13  14  15  16  17  18  19 
 20  21  22  23  24  25  26  27  28  29  30  31  32  33  34  35  36  37  38  39 
 40  41  42  43  44  45  46  47  48  49 
Starting 1D search on iteration 81
Objective function value: 1.188710e-02
Computing sensitivity for variable: 
  0   1   2   3   4   5   6   7   8   9  10  11  12  13  14  15  16  17  18  19 
 20  21  22  23  24  25  26  27  28  29  30  31  32  33  34  35  36  37  38  39 
 40  41  42  43  44  45  46  47  48  49 
Starting 1D search on iteration 82
Objective function value: 1.188710e-02
Computing sensitivity for variable: 
  0   1   2   3   4   5   6   7   8   9  10  11  12  13  14  15  16  17  18  19 
 20  21  22  23  24  25  26  27  28  29  30  31  32  33  34  35  36  37  38  39 
 40  41  42  43  44  45  46  47  48  49 
Starting 1D search on iteration 83
Objective function value: 1.188689e-02
Computing sensitivity for variable: 
  0   1   2   3   4   5   6   7   8   9  10  11  12  13  14  15  16  17  18  19 
 20  21  22  23  24  25  26  27  28  29  30  31  32  33  34  35  36  37  38  39 
 40  41  42  43  44  45  46  47  48  49 
Starting 1D search on iteration 84
Objective function value: 1.188676e-02
Computing sensitivity for variable: 
  0   1   2   3   4   5   6   7   8   9  10  11  12  13  14  15  16  17  18  19 
 20  21  22  23  24  25  26  27  28  29  30  31  32  33  34  35  36  37  38  39 
 40  41  42  43  44  45  46  47  48  49 
Starting 1D search on iteration 85
Objective function value: 1.188676e-02
Computing sensitivity for variable: 
  0   1   2   3   4   5   6   7   8   9  10  11  12  13  14  15  16  17  18  19 
 20  21  22  23  24  25  26  27  28  29  30  31  32  33  34  35  36  37  38  39 
 40  41  42  43  44  45  46  47  48  49 
Starting 1D search on iteration 86
Objective function value: 1.188676e-02
Computing sensitivity for variable: 
  0   1   2   3   4   5   6   7   8   9  10  11  12  13  14  15  16  17  18  19 
 20  21  22  23  24  25  26  27  28  29  30  31  32  33  34  35  36  37  38  39 
 40  41  42  43  44  45  46  47  48  49 
Starting 1D search on iteration 87
Objective function value: 1.188676e-02
Computing sensitivity for variable: 
  0   1   2   3   4   5   6   7   8   9  10  11  12  13  14  15  16  17  18  19 
 20  21  22  23  24  25  26  27  28  29  30  31  32  33  34  35  36  37  38  39 
 40  41  42  43  44  45  46  47  48  49 
Starting 1D search on iteration 88
Objective function value: 1.188676e-02
Computing sensitivity for variable: 
  0   1   2   3   4   5   6   7   8   9  10  11  12  13  14  15  16  17  18  19 
 20  21  22  23  24  25  26  27  28  29  30  31  32  33  34  35  36  37  38  39 
 40  41  42  43  44  45  46  47  48  49 
Starting 1D search on iteration 89
Objective function value: 1.188675e-02
Computing sensitivity for variable: 
  0   1   2   3   4   5   6   7   8   9  10  11  12  13  14  15  16  17  18  19 
 20  21  22  23  24  25  26  27  28  29  30  31  32  33  34  35  36  37  38  39 
 40  41  42  43  44  45  46  47  48  49 
Starting 1D search on iteration 90
Objective function value: 1.188674e-02
Computing sensitivity for variable: 
  0   1   2   3   4   5   6   7   8   9  10  11  12  13  14  15  16  17  18  19 
 20  21  22  23  24  25  26  27  28  29  30  31  32  33  34  35  36  37  38  39 
 40  41  42  43  44  45  46  47  48  49 
Starting 1D search on iteration 91
Objective function value: 1.188673e-02
Computing sensitivity for variable: 
  0   1   2   3   4   5   6   7   8   9  10  11  12  13  14  15  16  17  18  19 
 20  21  22  23  24  25  26  27  28  29  30  31  32  33  34  35  36  37  38  39 
 40  41  42  43  44  45  46  47  48  49 
Starting 1D search on iteration 92
Objective function value: 1.188650e-02
Computing sensitivity for variable: 
  0   1   2   3   4   5   6   7   8   9  10  11  12  13  14  15  16  17  18  19 
 20  21  22  23  24  25  26  27  28  29  30  31  32  33  34  35  36  37  38  39 
 40  41  42  43  44  45  46  47  48  49 
Starting 1D search on iteration 93
Objective function value: 1.188650e-02
Computing sensitivity for variable: 
  0   1   2   3   4   5   6   7   8   9  10  11  12  13  14  15  16  17  18  19 
 20  21  22  23  24  25  26  27  28  29  30  31  32  33  34  35  36  37  38  39 
 40  41  42  43  44  45  46  47  48  49 
Starting 1D search on iteration 94
Objective function value: 1.188649e-02
Computing sensitivity for variable: 
  0   1   2   3   4   5   6   7   8   9  10  11  12  13  14  15  16  17  18  19 
 20  21  22  23  24  25  26  27  28  29  30  31  32  33  34  35  36  37  38  39 
 40  41  42  43  44  45  46  47  48  49 
Starting 1D search on iteration 95
Objective function value: 1.188649e-02
Computing sensitivity for variable: 
  0   1   2   3   4   5   6   7   8   9  10  11  12  13  14  15  16  17  18  19 
 20  21  22  23  24  25  26  27  28  29  30  31  32  33  34  35  36  37  38  39 
 40  41  42  43  44  45  46  47  48  49 
Starting 1D search on iteration 96
Objective function value: 1.188649e-02
Computing sensitivity for variable: 
  0   1   2   3   4   5   6   7   8   9  10  11  12  13  14  15  16  17  18  19 
 20  21  22  23  24  25  26  27  28  29  30  31  32  33  34  35  36  37  38  39 
 40  41  42  43  44  45  46  47  48  49 
Starting 1D search on iteration 97
Objective function value: 1.188633e-02
Computing sensitivity for variable: 
  0   1   2   3   4   5   6   7   8   9  10  11  12  13  14  15  16  17  18  19 
 20  21  22  23  24  25  26  27  28  29  30  31  32  33  34  35  36  37  38  39 
 40  41  42  43  44  45  46  47  48  49 
Starting 1D search on iteration 98
Objective function value: 1.188633e-02
Computing sensitivity for variable: 
  0   1   2   3   4   5   6   7   8   9  10  11  12  13  14  15  16  17  18  19 
 20  21  22  23  24  25  26  27  28  29  30  31  32  33  34  35  36  37  38  39 
 40  41  42  43  44  45  46  47  48  49 
Starting 1D search on iteration 99
Objective function value: 1.188629e-02
