Creating a new problem object. 
Optimizing.
Computing sensitivity for variable: 
  0   1   2   3   4   5   6   7   8   9  10  11  12  13  14  15  16  17  18  19 
 20  21  22  23  24  25  26  27  28  29  30  31  32  33  34  35  36  37  38  39 
 40  41  42  43  44  45  46  47  48  49 
Starting 1D search on iteration 0
Objective function value: 5.179480e-01
Computing sensitivity for variable: 
  0   1   2   3   4   5   6   7   8   9  10  11  12  13  14  15  16  17  18  19 
 20  21  22  23  24  25  26  27  28  29  30  31  32  33  34  35  36  37  38  39 
 40  41  42  43  44  45  46  47  48  49 
Starting 1D search on iteration 1
Objective function value: 2.443459e-01
Computing sensitivity for variable: 
  0   1   2   3   4   5   6   7   8   9  10  11  12  13  14  15  16  17  18  19 
 20  21  22  23  24  25  26  27  28  29  30  31  32  33  34  35  36  37  38  39 
 40  41  42  43  44  45  46  47  48  49 
Starting 1D search on iteration 2
Objective function value: 2.141212e-01
Computing sensitivity for variable: 
  0   1   2   3   4   5   6   7   8   9  10  11  12  13  14  15  16  17  18  19 
 20  21  22  23  24  25  26  27  28  29  30  31  32  33  34  35  36  37  38  39 
 40  41  42  43  44  45  46  47  48  49 
Starting 1D search on iteration 3
Warning: inner radius larger than outer radius.
Warning: inner radius larger than outer radius.
Warning: inner radius larger than outer radius.
Warning: inner radius larger than outer radius.
Warning: inner radius larger than outer radius.
Objective function value: 8.342174e-02
Computing sensitivity for variable: 
  0   1   2   3   4   5   6   7   8   9  10  11  12  13  14  15  16  17  18  19 
 20  21  22  23  24  25  26  27  28  29  30  31  32  33  34  35  36  37  38  39 
 40  41  42  43  44  45  46  47  48  49 
Starting 1D search on iteration 4
Objective function value: 8.329922e-02
Computing sensitivity for variable: 
  0   1   2   3   4   5   6   7   8   9  10  11  12  13  14  15  16  17  18  19 
 20  21  22  23  24  25  26  27  28  29  30  31  32  33  34  35  36  37  38  39 
 40  41  42  43  44  45  46  47  48  49 
Starting 1D search on iteration 5
Objective function value: 8.112622e-02
Computing sensitivity for variable: 
  0   1   2   3   4   5   6   7   8   9  10  11  12  13  14  15  16  17  18  19 
 20  21  22  23  24  25  26  27  28  29  30  31  32  33  34  35  36  37  38  39 
 40  41  42  43  44  45  46  47  48  49 
Starting 1D search on iteration 6
Objective function value: 7.490246e-02
Computing sensitivity for variable: 
  0   1   2   3   4   5   6   7   8   9  10  11  12  13  14  15  16  17  18  19 
 20  21  22  23  24  25  26  27  28  29  30  31  32  33  34  35  36  37  38  39 
 40  41  42  43  44  45  46  47  48  49 
Starting 1D search on iteration 7
Objective function value: 6.126391e-02
Computing sensitivity for variable: 
  0   1   2   3   4   5   6   7   8   9  10  11  12  13  14  15  16  17  18  19 
 20  21  22  23  24  25  26  27  28  29  30  31  32  33  34  35  36  37  38  39 
 40  41  42  43  44  45  46  47  48  49 
Starting 1D search on iteration 8
Objective function value: 4.574994e-02
Computing sensitivity for variable: 
  0   1   2   3   4   5   6   7   8   9  10  11  12  13  14  15  16  17  18  19 
 20  21  22  23  24  25  26  27  28  29  30  31  32  33  34  35  36  37  38  39 
 40  41  42  43  44  45  46  47  48  49 
Starting 1D search on iteration 9
Objective function value: 3.841972e-02
Computing sensitivity for variable: 
  0   1   2   3   4   5   6   7   8   9  10  11  12  13  14  15  16  17  18  19 
 20  21  22  23  24  25  26  27  28  29  30  31  32  33  34  35  36  37  38  39 
 40  41  42  43  44  45  46  47  48  49 
Starting 1D search on iteration 10
Objective function value: 3.176021e-02
Computing sensitivity for variable: 
  0   1   2   3   4   5   6   7   8   9  10  11  12  13  14  15  16  17  18  19 
 20  21  22  23  24  25  26  27  28  29  30  31  32  33  34  35  36  37  38  39 
 40  41  42  43  44  45  46  47  48  49 
Starting 1D search on iteration 11
Objective function value: 2.106076e-02
Computing sensitivity for variable: 
  0   1   2   3   4   5   6   7   8   9  10  11  12  13  14  15  16  17  18  19 
 20  21  22  23  24  25  26  27  28  29  30  31  32  33  34  35  36  37  38  39 
 40  41  42  43  44  45  46  47  48  49 
Starting 1D search on iteration 12
Objective function value: 1.811664e-02
Computing sensitivity for variable: 
  0   1   2   3   4   5   6   7   8   9  10  11  12  13  14  15  16  17  18  19 
 20  21  22  23  24  25  26  27  28  29  30  31  32  33  34  35  36  37  38  39 
 40  41  42  43  44  45  46  47  48  49 
Starting 1D search on iteration 13
Objective function value: 1.642210e-02
Computing sensitivity for variable: 
  0   1   2   3   4   5   6   7   8   9  10  11  12  13  14  15  16  17  18  19 
 20  21  22  23  24  25  26  27  28  29  30  31  32  33  34  35  36  37  38  39 
 40  41  42  43  44  45  46  47  48  49 
Starting 1D search on iteration 14
Objective function value: 1.526781e-02
Computing sensitivity for variable: 
  0   1   2   3   4   5   6   7   8   9  10  11  12  13  14  15  16  17  18  19 
 20  21  22  23  24  25  26  27  28  29  30  31  32  33  34  35  36  37  38  39 
 40  41  42  43  44  45  46  47  48  49 
Starting 1D search on iteration 15
Objective function value: 1.443996e-02
Computing sensitivity for variable: 
  0   1   2   3   4   5   6   7   8   9  10  11  12  13  14  15  16  17  18  19 
 20  21  22  23  24  25  26  27  28  29  30  31  32  33  34  35  36  37  38  39 
 40  41  42  43  44  45  46  47  48  49 
Starting 1D search on iteration 16
Objective function value: 1.324817e-02
Computing sensitivity for variable: 
  0   1   2   3   4   5   6   7   8   9  10  11  12  13  14  15  16  17  18  19 
 20  21  22  23  24  25  26  27  28  29  30  31  32  33  34  35  36  37  38  39 
 40  41  42  43  44  45  46  47  48  49 
Starting 1D search on iteration 17
Objective function value: 1.022790e-02
Computing sensitivity for variable: 
  0   1   2   3   4   5   6   7   8   9  10  11  12  13  14  15  16  17  18  19 
 20  21  22  23  24  25  26  27  28  29  30  31  32  33  34  35  36  37  38  39 
 40  41  42  43  44  45  46  47  48  49 
Starting 1D search on iteration 18
Objective function value: 8.969602e-03
Computing sensitivity for variable: 
  0   1   2   3   4   5   6   7   8   9  10  11  12  13  14  15  16  17  18  19 
 20  21  22  23  24  25  26  27  28  29  30  31  32  33  34  35  36  37  38  39 
 40  41  42  43  44  45  46  47  48  49 
Starting 1D search on iteration 19
Objective function value: 8.017126e-03
Computing sensitivity for variable: 
  0   1   2   3   4   5   6   7   8   9  10  11  12  13  14  15  16  17  18  19 
 20  21  22  23  24  25  26  27  28  29  30  31  32  33  34  35  36  37  38  39 
 40  41  42  43  44  45  46  47  48  49 
Starting 1D search on iteration 20
Objective function value: 7.299811e-03
Computing sensitivity for variable: 
  0   1   2   3   4   5   6   7   8   9  10  11  12  13  14  15  16  17  18  19 
 20  21  22  23  24  25  26  27  28  29  30  31  32  33  34  35  36  37  38  39 
 40  41  42  43  44  45  46  47  48  49 
Starting 1D search on iteration 21
Objective function value: 6.976554e-03
Computing sensitivity for variable: 
  0   1   2   3   4   5   6   7   8   9  10  11  12  13  14  15  16  17  18  19 
 20  21  22  23  24  25  26  27  28  29  30  31  32  33  34  35  36  37  38  39 
 40  41  42  43  44  45  46  47  48  49 
Starting 1D search on iteration 22
Objective function value: 6.508993e-03
Computing sensitivity for variable: 
  0   1   2   3   4   5   6   7   8   9  10  11  12  13  14  15  16  17  18  19 
 20  21  22  23  24  25  26  27  28  29  30  31  32  33  34  35  36  37  38  39 
 40  41  42  43  44  45  46  47  48  49 
Starting 1D search on iteration 23
Objective function value: 5.766264e-03
Computing sensitivity for variable: 
  0   1   2   3   4   5   6   7   8   9  10  11  12  13  14  15  16  17  18  19 
 20  21  22  23  24  25  26  27  28  29  30  31  32  33  34  35  36  37  38  39 
 40  41  42  43  44  45  46  47  48  49 
Starting 1D search on iteration 24
Objective function value: 5.499803e-03
Computing sensitivity for variable: 
  0   1   2   3   4   5   6   7   8   9  10  11  12  13  14  15  16  17  18  19 
 20  21  22  23  24  25  26  27  28  29  30  31  32  33  34  35  36  37  38  39 
 40  41  42  43  44  45  46  47  48  49 
Starting 1D search on iteration 25
Objective function value: 4.894534e-03
Computing sensitivity for variable: 
  0   1   2   3   4   5   6   7   8   9  10  11  12  13  14  15  16  17  18  19 
 20  21  22  23  24  25  26  27  28  29  30  31  32  33  34  35  36  37  38  39 
 40  41  42  43  44  45  46  47  48  49 
Starting 1D search on iteration 26
Objective function value: 3.806306e-03
Computing sensitivity for variable: 
  0   1   2   3   4   5   6   7   8   9  10  11  12  13  14  15  16  17  18  19 
 20  21  22  23  24  25  26  27  28  29  30  31  32  33  34  35  36  37  38  39 
 40  41  42  43  44  45  46  47  48  49 
Starting 1D search on iteration 27
Objective function value: 3.445368e-03
Computing sensitivity for variable: 
  0   1   2   3   4   5   6   7   8   9  10  11  12  13  14  15  16  17  18  19 
 20  21  22  23  24  25  26  27  28  29  30  31  32  33  34  35  36  37  38  39 
 40  41  42  43  44  45  46  47  48  49 
Starting 1D search on iteration 28
Objective function value: 3.174343e-03
Computing sensitivity for variable: 
  0   1   2   3   4   5   6   7   8   9  10  11  12  13  14  15  16  17  18  19 
 20  21  22  23  24  25  26  27  28  29  30  31  32  33  34  35  36  37  38  39 
 40  41  42  43  44  45  46  47  48  49 
Starting 1D search on iteration 29
Objective function value: 3.024471e-03
Computing sensitivity for variable: 
  0   1   2   3   4   5   6   7   8   9  10  11  12  13  14  15  16  17  18  19 
 20  21  22  23  24  25  26  27  28  29  30  31  32  33  34  35  36  37  38  39 
 40  41  42  43  44  45  46  47  48  49 
Starting 1D search on iteration 30
Objective function value: 2.804055e-03
Computing sensitivity for variable: 
  0   1   2   3   4   5   6   7   8   9  10  11  12  13  14  15  16  17  18  19 
 20  21  22  23  24  25  26  27  28  29  30  31  32  33  34  35  36  37  38  39 
 40  41  42  43  44  45  46  47  48  49 
Starting 1D search on iteration 31
Objective function value: 2.604694e-03
Computing sensitivity for variable: 
  0   1   2   3   4   5   6   7   8   9  10  11  12  13  14  15  16  17  18  19 
 20  21  22  23  24  25  26  27  28  29  30  31  32  33  34  35  36  37  38  39 
 40  41  42  43  44  45  46  47  48  49 
Starting 1D search on iteration 32
Objective function value: 2.232484e-03
Computing sensitivity for variable: 
  0   1   2   3   4   5   6   7   8   9  10  11  12  13  14  15  16  17  18  19 
 20  21  22  23  24  25  26  27  28  29  30  31  32  33  34  35  36  37  38  39 
 40  41  42  43  44  45  46  47  48  49 
Starting 1D search on iteration 33
Objective function value: 1.910409e-03
Computing sensitivity for variable: 
  0   1   2   3   4   5   6   7   8   9  10  11  12  13  14  15  16  17  18  19 
 20  21  22  23  24  25  26  27  28  29  30  31  32  33  34  35  36  37  38  39 
 40  41  42  43  44  45  46  47  48  49 
Starting 1D search on iteration 34
Objective function value: 1.589566e-03
Computing sensitivity for variable: 
  0   1   2   3   4   5   6   7   8   9  10  11  12  13  14  15  16  17  18  19 
 20  21  22  23  24  25  26  27  28  29  30  31  32  33  34  35  36  37  38  39 
 40  41  42  43  44  45  46  47  48  49 
Starting 1D search on iteration 35
Objective function value: 1.262490e-03
Computing sensitivity for variable: 
  0   1   2   3   4   5   6   7   8   9  10  11  12  13  14  15  16  17  18  19 
 20  21  22  23  24  25  26  27  28  29  30  31  32  33  34  35  36  37  38  39 
 40  41  42  43  44  45  46  47  48  49 
Starting 1D search on iteration 36
Objective function value: 1.135031e-03
Computing sensitivity for variable: 
  0   1   2   3   4   5   6   7   8   9  10  11  12  13  14  15  16  17  18  19 
 20  21  22  23  24  25  26  27  28  29  30  31  32  33  34  35  36  37  38  39 
 40  41  42  43  44  45  46  47  48  49 
Starting 1D search on iteration 37
Objective function value: 1.015076e-03
Computing sensitivity for variable: 
  0   1   2   3   4   5   6   7   8   9  10  11  12  13  14  15  16  17  18  19 
 20  21  22  23  24  25  26  27  28  29  30  31  32  33  34  35  36  37  38  39 
 40  41  42  43  44  45  46  47  48  49 
Starting 1D search on iteration 38
Objective function value: 8.738817e-04
Computing sensitivity for variable: 
  0   1   2   3   4   5   6   7   8   9  10  11  12  13  14  15  16  17  18  19 
 20  21  22  23  24  25  26  27  28  29  30  31  32  33  34  35  36  37  38  39 
 40  41  42  43  44  45  46  47  48  49 
Starting 1D search on iteration 39
Objective function value: 7.077996e-04
Computing sensitivity for variable: 
  0   1   2   3   4   5   6   7   8   9  10  11  12  13  14  15  16  17  18  19 
 20  21  22  23  24  25  26  27  28  29  30  31  32  33  34  35  36  37  38  39 
 40  41  42  43  44  45  46  47  48  49 
Starting 1D search on iteration 40
Objective function value: 5.973002e-04
Computing sensitivity for variable: 
  0   1   2   3   4   5   6   7   8   9  10  11  12  13  14  15  16  17  18  19 
 20  21  22  23  24  25  26  27  28  29  30  31  32  33  34  35  36  37  38  39 
 40  41  42  43  44  45  46  47  48  49 
Starting 1D search on iteration 41
Objective function value: 5.138824e-04
Computing sensitivity for variable: 
  0   1   2   3   4   5   6   7   8   9  10  11  12  13  14  15  16  17  18  19 
 20  21  22  23  24  25  26  27  28  29  30  31  32  33  34  35  36  37  38  39 
 40  41  42  43  44  45  46  47  48  49 
Starting 1D search on iteration 42
Objective function value: 4.036562e-04
Computing sensitivity for variable: 
  0   1   2   3   4   5   6   7   8   9  10  11  12  13  14  15  16  17  18  19 
 20  21  22  23  24  25  26  27  28  29  30  31  32  33  34  35  36  37  38  39 
 40  41  42  43  44  45  46  47  48  49 
Starting 1D search on iteration 43
Objective function value: 3.403468e-04
Computing sensitivity for variable: 
  0   1   2   3   4   5   6   7   8   9  10  11  12  13  14  15  16  17  18  19 
 20  21  22  23  24  25  26  27  28  29  30  31  32  33  34  35  36  37  38  39 
 40  41  42  43  44  45  46  47  48  49 
Starting 1D search on iteration 44
Objective function value: 2.702760e-04
Computing sensitivity for variable: 
  0   1   2   3   4   5   6   7   8   9  10  11  12  13  14  15  16  17  18  19 
 20  21  22  23  24  25  26  27  28  29  30  31  32  33  34  35  36  37  38  39 
 40  41  42  43  44  45  46  47  48  49 
Starting 1D search on iteration 45
Objective function value: 2.256595e-04
Computing sensitivity for variable: 
  0   1   2   3   4   5   6   7   8   9  10  11  12  13  14  15  16  17  18  19 
 20  21  22  23  24  25  26  27  28  29  30  31  32  33  34  35  36  37  38  39 
 40  41  42  43  44  45  46  47  48  49 
Starting 1D search on iteration 46
Objective function value: 1.942943e-04
Computing sensitivity for variable: 
  0   1   2   3   4   5   6   7   8   9  10  11  12  13  14  15  16  17  18  19 
 20  21  22  23  24  25  26  27  28  29  30  31  32  33  34  35  36  37  38  39 
 40  41  42  43  44  45  46  47  48  49 
Starting 1D search on iteration 47
Objective function value: 1.552485e-04
Computing sensitivity for variable: 
  0   1   2   3   4   5   6   7   8   9  10  11  12  13  14  15  16  17  18  19 
 20  21  22  23  24  25  26  27  28  29  30  31  32  33  34  35  36  37  38  39 
 40  41  42  43  44  45  46  47  48  49 
Starting 1D search on iteration 48
Objective function value: 1.303942e-04
Computing sensitivity for variable: 
  0   1   2   3   4   5   6   7   8   9  10  11  12  13  14  15  16  17  18  19 
 20  21  22  23  24  25  26  27  28  29  30  31  32  33  34  35  36  37  38  39 
 40  41  42  43  44  45  46  47  48  49 
Starting 1D search on iteration 49
Objective function value: 1.096205e-04
Computing sensitivity for variable: 
  0   1   2   3   4   5   6   7   8   9  10  11  12  13  14  15  16  17  18  19 
 20  21  22  23  24  25  26  27  28  29  30  31  32  33  34  35  36  37  38  39 
 40  41  42  43  44  45  46  47  48  49 
Starting 1D search on iteration 50
Objective function value: 8.975395e-05
BFGS complete.
